{"/Users/frodehansen/prosjekter/git/pleiepengesoknad/src/app/api/api.ts": {"path":"/Users/frodehansen/prosjekter/git/pleiepengesoknad/src/app/api/api.ts","statementMap":{"0":{"start":{"line":1,"column":0},"end":{"line":1,"column":null}},"1":{"start":{"line":2,"column":0},"end":{"line":2,"column":null}},"2":{"start":{"line":3,"column":0},"end":{"line":3,"column":null}},"3":{"start":{"line":6,"column":0},"end":{"line":6,"column":null}},"4":{"start":{"line":9,"column":0},"end":{"line":9,"column":null}},"5":{"start":{"line":10,"column":0},"end":{"line":10,"column":null}},"6":{"start":{"line":12,"column":29},"end":{"line":12,"column":30}},"7":{"start":{"line":12,"column":13},"end":{"line":12,"column":26}},"8":{"start":{"line":17,"column":23},"end":{"line":32,"column":null}},"9":{"start":{"line":18,"column":16},"end":{"line":18,"column":30}},"10":{"start":{"line":19,"column":4},"end":{"line":31,"column":null}},"11":{"start":{"line":20,"column":44},"end":{"line":20,"column":null}},"12":{"start":{"line":28,"column":8},"end":{"line":28,"column":15}},"13":{"start":{"line":30,"column":8},"end":{"line":30,"column":15}},"14":{"start":{"line":17,"column":13},"end":{"line":17,"column":20}},"15":{"start":{"line":33,"column":25},"end":{"line":33,"column":null}},"16":{"start":{"line":33,"column":13},"end":{"line":33,"column":22}},"17":{"start":{"line":38,"column":21},"end":{"line":38,"column":null}},"18":{"start":{"line":38,"column":13},"end":{"line":38,"column":18}},"19":{"start":{"line":41,"column":23},"end":{"line":41,"column":29}},"20":{"start":{"line":41,"column":13},"end":{"line":41,"column":20}},"21":{"start":{"line":42,"column":24},"end":{"line":42,"column":30}},"22":{"start":{"line":42,"column":13},"end":{"line":42,"column":21}},"23":{"start":{"line":43,"column":31},"end":{"line":48,"column":null}},"24":{"start":{"line":44,"column":4},"end":{"line":44,"column":11}},"25":{"start":{"line":43,"column":13},"end":{"line":43,"column":28}},"26":{"start":{"line":50,"column":31},"end":{"line":50,"column":32}},"27":{"start":{"line":50,"column":13},"end":{"line":50,"column":28}},"28":{"start":{"line":53,"column":26},"end":{"line":57,"column":null}},"29":{"start":{"line":54,"column":21},"end":{"line":54,"column":25}},"30":{"start":{"line":55,"column":4},"end":{"line":55,"column":12}},"31":{"start":{"line":56,"column":4},"end":{"line":56,"column":11}},"32":{"start":{"line":53,"column":13},"end":{"line":53,"column":23}},"33":{"start":{"line":58,"column":26},"end":{"line":58,"column":27}},"34":{"start":{"line":58,"column":13},"end":{"line":58,"column":23}}},"fnMap":{"0":{"name":"getPersistUrl","decl":{"start":{"line":12,"column":13},"end":{"line":12,"column":26}},"loc":{"start":{"line":12,"column":29},"end":{"line":12,"column":30}}},"1":{"name":"persist","decl":{"start":{"line":17,"column":13},"end":{"line":17,"column":20}},"loc":{"start":{"line":17,"column":85},"end":{"line":32,"column":null}}},"2":{"name":"rehydrate","decl":{"start":{"line":33,"column":13},"end":{"line":33,"column":22}},"loc":{"start":{"line":33,"column":25},"end":{"line":33,"column":null}}},"3":{"name":"purge","decl":{"start":{"line":38,"column":13},"end":{"line":38,"column":18}},"loc":{"start":{"line":38,"column":21},"end":{"line":38,"column":null}}},"4":{"name":"getBarn","decl":{"start":{"line":41,"column":13},"end":{"line":41,"column":20}},"loc":{"start":{"line":41,"column":23},"end":{"line":41,"column":29}}},"5":{"name":"getSøker","decl":{"start":{"line":42,"column":13},"end":{"line":42,"column":21}},"loc":{"start":{"line":42,"column":24},"end":{"line":42,"column":30}}},"6":{"name":"getArbeidsgiver","decl":{"start":{"line":43,"column":13},"end":{"line":43,"column":28}},"loc":{"start":{"line":43,"column":113},"end":{"line":48,"column":null}}},"7":{"name":"sendApplication","decl":{"start":{"line":50,"column":13},"end":{"line":50,"column":28}},"loc":{"start":{"line":50,"column":31},"end":{"line":50,"column":32}}},"8":{"name":"uploadFile","decl":{"start":{"line":53,"column":13},"end":{"line":53,"column":23}},"loc":{"start":{"line":53,"column":41},"end":{"line":57,"column":null}}},"9":{"name":"deleteFile","decl":{"start":{"line":58,"column":13},"end":{"line":58,"column":23}},"loc":{"start":{"line":58,"column":26},"end":{"line":58,"column":27}}}},"branchMap":{"0":{"loc":{"start":{"line":13,"column":4},"end":{"line":15,"column":34}},"type":"cond-expr","locations":[{"start":{"line":13,"column":10},"end":{"line":13,"column":null}},{"start":{"line":15,"column":10},"end":{"line":15,"column":34}}]},"1":{"loc":{"start":{"line":19,"column":4},"end":{"line":31,"column":null}},"type":"if","locations":[{"start":{"line":19,"column":4},"end":{"line":31,"column":null}},{"start":{"line":29,"column":11},"end":{"line":31,"column":null}}]}},"s":{"0":1,"1":1,"2":1,"3":1,"4":1,"5":1,"6":3,"7":1,"8":1,"9":1,"10":1,"11":0,"12":0,"13":1,"14":1,"15":1,"16":1,"17":1,"18":1,"19":2,"20":1,"21":2,"22":1,"23":1,"24":1,"25":1,"26":2,"27":1,"28":1,"29":1,"30":1,"31":1,"32":1,"33":2,"34":1},"f":{"0":2,"1":1,"2":0,"3":0,"4":1,"5":1,"6":1,"7":1,"8":1,"9":1},"b":{"0":[2,0],"1":[0,1]}}
,"/Users/frodehansen/prosjekter/git/pleiepengesoknad/src/app/api/utils/apiUtils.ts": {"path":"/Users/frodehansen/prosjekter/git/pleiepengesoknad/src/app/api/utils/apiUtils.ts","statementMap":{"0":{"start":{"line":1,"column":0},"end":{"line":1,"column":null}},"1":{"start":{"line":2,"column":0},"end":{"line":2,"column":null}},"2":{"start":{"line":4,"column":0},"end":{"line":4,"column":null}},"3":{"start":{"line":6,"column":13},"end":{"line":6,"column":28}},"4":{"start":{"line":7,"column":13},"end":{"line":7,"column":28}},"5":{"start":{"line":9,"column":40},"end":{"line":11,"column":null}},"6":{"start":{"line":10,"column":4},"end":{"line":10,"column":11}},"7":{"start":{"line":9,"column":13},"end":{"line":9,"column":37}},"8":{"start":{"line":13,"column":39},"end":{"line":15,"column":null}},"9":{"start":{"line":14,"column":4},"end":{"line":14,"column":14}},"10":{"start":{"line":13,"column":13},"end":{"line":13,"column":36}},"11":{"start":{"line":17,"column":13},"end":{"line":17,"column":24}}},"fnMap":{"0":{"name":"sendMultipartPostRequest","decl":{"start":{"line":9,"column":13},"end":{"line":9,"column":37}},"loc":{"start":{"line":9,"column":76},"end":{"line":11,"column":null}}},"1":{"name":"getApiUrlByResourceType","decl":{"start":{"line":13,"column":13},"end":{"line":13,"column":36}},"loc":{"start":{"line":13,"column":70},"end":{"line":15,"column":null}}}},"branchMap":{},"s":{"0":1,"1":1,"2":1,"3":1,"4":1,"5":1,"6":1,"7":1,"8":1,"9":5,"10":1,"11":1},"f":{"0":1,"1":5},"b":{}}
,"/Users/frodehansen/prosjekter/git/pleiepengesoknad/src/app/config/axiosConfig.ts": {"path":"/Users/frodehansen/prosjekter/git/pleiepengesoknad/src/app/config/axiosConfig.ts","statementMap":{"0":{"start":{"line":1,"column":0},"end":{"line":1,"column":15}}},"fnMap":{},"branchMap":{},"s":{"0":2},"f":{},"b":{}}
,"/Users/frodehansen/prosjekter/git/pleiepengesoknad/src/app/config/minMaxValues.ts": {"path":"/Users/frodehansen/prosjekter/git/pleiepengesoknad/src/app/config/minMaxValues.ts","statementMap":{"0":{"start":{"line":1,"column":13},"end":{"line":1,"column":47}},"1":{"start":{"line":2,"column":13},"end":{"line":2,"column":47}}},"fnMap":{},"branchMap":{},"s":{"0":1,"1":1},"f":{},"b":{}}
,"/Users/frodehansen/prosjekter/git/pleiepengesoknad/src/app/config/routeConfig.ts": {"path":"/Users/frodehansen/prosjekter/git/pleiepengesoknad/src/app/config/routeConfig.ts","statementMap":{"0":{"start":{"line":1,"column":0},"end":{"line":1,"column":null}},"1":{"start":{"line":3,"column":0},"end":{"line":3,"column":5}},"2":{"start":{"line":4,"column":4},"end":{"line":4,"column":null}},"3":{"start":{"line":5,"column":4},"end":{"line":5,"column":null}},"4":{"start":{"line":6,"column":4},"end":{"line":6,"column":null}},"5":{"start":{"line":7,"column":4},"end":{"line":7,"column":null}},"6":{"start":{"line":8,"column":4},"end":{"line":8,"column":null}},"7":{"start":{"line":11,"column":27},"end":{"line":14,"column":null}},"8":{"start":{"line":12,"column":23},"end":{"line":12,"column":46}},"9":{"start":{"line":13,"column":4},"end":{"line":13,"column":14}},"10":{"start":{"line":11,"column":13},"end":{"line":11,"column":24}},"11":{"start":{"line":16,"column":0},"end":{"line":16,"column":15}}},"fnMap":{"0":{"name":"(anonymous_0)","decl":{"start":{"line":3,"column":0},"end":{"line":3,"column":5}},"loc":{"start":{"line":3,"column":16},"end":{"line":9,"column":null}}},"1":{"name":"getRouteUrl","decl":{"start":{"line":11,"column":13},"end":{"line":11,"column":24}},"loc":{"start":{"line":11,"column":58},"end":{"line":14,"column":null}}}},"branchMap":{"0":{"loc":{"start":{"line":3,"column":5},"end":{"line":3,"column":null}},"type":"binary-expr","locations":[{"start":{"line":3,"column":5},"end":{"line":3,"column":16}},{"start":{"line":3,"column":5},"end":{"line":3,"column":null}}]}},"s":{"0":3,"1":3,"2":3,"3":3,"4":3,"5":3,"6":3,"7":3,"8":3,"9":3,"10":3,"11":3},"f":{"0":3,"1":3},"b":{"0":[3,3]}}
,"/Users/frodehansen/prosjekter/git/pleiepengesoknad/src/app/søknad/søknadStepsConfig.ts": {"path":"/Users/frodehansen/prosjekter/git/pleiepengesoknad/src/app/søknad/søknadStepsConfig.ts","statementMap":{"0":{"start":{"line":2,"column":0},"end":{"line":2,"column":null}},"1":{"start":{"line":3,"column":0},"end":{"line":3,"column":null}},"2":{"start":{"line":4,"column":0},"end":{"line":4,"column":null}},"3":{"start":{"line":6,"column":0},"end":{"line":6,"column":12}},"4":{"start":{"line":7,"column":4},"end":{"line":7,"column":null}},"5":{"start":{"line":8,"column":4},"end":{"line":8,"column":null}},"6":{"start":{"line":9,"column":4},"end":{"line":9,"column":null}},"7":{"start":{"line":10,"column":4},"end":{"line":10,"column":null}},"8":{"start":{"line":11,"column":4},"end":{"line":11,"column":null}},"9":{"start":{"line":12,"column":4},"end":{"line":12,"column":null}},"10":{"start":{"line":13,"column":4},"end":{"line":13,"column":null}},"11":{"start":{"line":14,"column":4},"end":{"line":14,"column":null}},"12":{"start":{"line":15,"column":4},"end":{"line":15,"column":null}},"13":{"start":{"line":37,"column":34},"end":{"line":45,"column":null}},"14":{"start":{"line":38,"column":4},"end":{"line":38,"column":11}},"15":{"start":{"line":52,"column":35},"end":{"line":105,"column":null}},"16":{"start":{"line":53,"column":40},"end":{"line":53,"column":77}},"17":{"start":{"line":54,"column":27},"end":{"line":54,"column":null}},"18":{"start":{"line":56,"column":8},"end":{"line":56,"column":null}},"19":{"start":{"line":58,"column":45},"end":{"line":58,"column":null}},"20":{"start":{"line":70,"column":26},"end":{"line":70,"column":34}},"21":{"start":{"line":70,"column":42},"end":{"line":70,"column":43}},"22":{"start":{"line":72,"column":24},"end":{"line":75,"column":null}},"23":{"start":{"line":73,"column":20},"end":{"line":73,"column":33}},"24":{"start":{"line":73,"column":44},"end":{"line":73,"column":45}},"25":{"start":{"line":74,"column":8},"end":{"line":74,"column":15}},"26":{"start":{"line":77,"column":28},"end":{"line":80,"column":null}},"27":{"start":{"line":78,"column":20},"end":{"line":78,"column":33}},"28":{"start":{"line":78,"column":44},"end":{"line":78,"column":45}},"29":{"start":{"line":79,"column":8},"end":{"line":79,"column":15}},"30":{"start":{"line":82,"column":40},"end":{"line":82,"column":null}},"31":{"start":{"line":83,"column":26},"end":{"line":83,"column":null}},"32":{"start":{"line":84,"column":4},"end":{"line":84,"column":12}},"33":{"start":{"line":84,"column":46},"end":{"line":84,"column":32}},"34":{"start":{"line":84,"column":46},"end":{"line":84,"column":45}},"35":{"start":{"line":85,"column":25},"end":{"line":85,"column":37}},"36":{"start":{"line":86,"column":25},"end":{"line":86,"column":41}},"37":{"start":{"line":88,"column":8},"end":{"line":92,"column":null}},"38":{"start":{"line":89,"column":12},"end":{"line":89,"column":24}},"39":{"start":{"line":91,"column":12},"end":{"line":91,"column":19}},"40":{"start":{"line":94,"column":8},"end":{"line":94,"column":14}},"41":{"start":{"line":102,"column":8},"end":{"line":102,"column":23}},"42":{"start":{"line":104,"column":4},"end":{"line":104,"column":11}},"43":{"start":{"line":52,"column":13},"end":{"line":52,"column":32}},"44":{"start":{"line":107,"column":46},"end":{"line":115,"column":null}},"45":{"start":{"line":108,"column":4},"end":{"line":110,"column":null}},"46":{"start":{"line":109,"column":8},"end":{"line":109,"column":15}},"47":{"start":{"line":111,"column":4},"end":{"line":113,"column":null}},"48":{"start":{"line":112,"column":8},"end":{"line":112,"column":15}},"49":{"start":{"line":114,"column":4},"end":{"line":114,"column":11}},"50":{"start":{"line":107,"column":13},"end":{"line":107,"column":43}}},"fnMap":{"0":{"name":"(anonymous_0)","decl":{"start":{"line":6,"column":0},"end":{"line":6,"column":12}},"loc":{"start":{"line":6,"column":18},"end":{"line":16,"column":null}}},"1":{"name":"getStepConfigItemTextKeys","decl":{"start":{"line":37,"column":6},"end":{"line":37,"column":31}},"loc":{"start":{"line":37,"column":74},"end":{"line":45,"column":null}}},"2":{"name":"getSøknadStepConfig","decl":{"start":{"line":52,"column":13},"end":{"line":52,"column":32}},"loc":{"start":{"line":52,"column":99},"end":{"line":105,"column":null}}},"3":{"name":"(anonymous_3)","decl":{"start":{"line":70,"column":42},"end":{"line":70,"column":43}},"loc":{"start":{"line":70,"column":42},"end":{"line":70,"column":43}}},"4":{"name":"getNextStep","decl":{"start":{"line":72,"column":10},"end":{"line":72,"column":21}},"loc":{"start":{"line":72,"column":63},"end":{"line":75,"column":null}}},"5":{"name":"(anonymous_5)","decl":{"start":{"line":73,"column":44},"end":{"line":73,"column":45}},"loc":{"start":{"line":73,"column":44},"end":{"line":73,"column":45}}},"6":{"name":"getPreviousStep","decl":{"start":{"line":77,"column":10},"end":{"line":77,"column":25}},"loc":{"start":{"line":77,"column":67},"end":{"line":80,"column":null}}},"7":{"name":"(anonymous_7)","decl":{"start":{"line":78,"column":44},"end":{"line":78,"column":45}},"loc":{"start":{"line":78,"column":44},"end":{"line":78,"column":45}}},"8":{"name":"(anonymous_8)","decl":{"start":{"line":84,"column":21},"end":{"line":84,"column":24}},"loc":{"start":{"line":84,"column":46},"end":{"line":103,"column":null}}},"9":{"name":"getBackLinkFromNotIncludedStep","decl":{"start":{"line":107,"column":13},"end":{"line":107,"column":43}},"loc":{"start":{"line":107,"column":85},"end":{"line":115,"column":null}}}},"branchMap":{"0":{"loc":{"start":{"line":6,"column":12},"end":{"line":6,"column":18}},"type":"binary-expr","locations":[{"start":{"line":6,"column":12},"end":{"line":6,"column":18}},{"start":{"line":6,"column":12},"end":{"line":6,"column":null}}]},"1":{"loc":{"start":{"line":42,"column":25},"end":{"line":42,"column":null}},"type":"cond-expr","locations":[{"start":{"line":42,"column":53},"end":{"line":42,"column":78}},{"start":{"line":42,"column":78},"end":{"line":42,"column":null}}]},"2":{"loc":{"start":{"line":43,"column":29},"end":{"line":43,"column":null}},"type":"cond-expr","locations":[{"start":{"line":43,"column":57},"end":{"line":43,"column":86}},{"start":{"line":43,"column":86},"end":{"line":43,"column":null}}]},"3":{"loc":{"start":{"line":54,"column":27},"end":{"line":54,"column":null}},"type":"cond-expr","locations":[{"start":{"line":54,"column":40},"end":{"line":54,"column":70}},{"start":{"line":54,"column":84},"end":{"line":54,"column":null}}]},"4":{"loc":{"start":{"line":56,"column":8},"end":{"line":56,"column":null}},"type":"cond-expr","locations":[{"start":{"line":56,"column":39},"end":{"line":56,"column":65}},{"start":{"line":56,"column":95},"end":{"line":56,"column":null}}]},"5":{"loc":{"start":{"line":56,"column":8},"end":{"line":56,"column":39}},"type":"binary-expr","locations":[{"start":{"line":56,"column":8},"end":{"line":56,"column":22}},{"start":{"line":56,"column":26},"end":{"line":56,"column":39}}]},"6":{"loc":{"start":{"line":74,"column":15},"end":{"line":74,"column":null}},"type":"cond-expr","locations":[{"start":{"line":74,"column":60},"end":{"line":74,"column":92}},{"start":{"line":74,"column":92},"end":{"line":74,"column":null}}]},"7":{"loc":{"start":{"line":74,"column":15},"end":{"line":74,"column":60}},"type":"binary-expr","locations":[{"start":{"line":74,"column":15},"end":{"line":74,"column":27}},{"start":{"line":74,"column":27},"end":{"line":74,"column":60}}]},"8":{"loc":{"start":{"line":79,"column":15},"end":{"line":79,"column":null}},"type":"cond-expr","locations":[{"start":{"line":79,"column":26},"end":{"line":79,"column":58}},{"start":{"line":79,"column":58},"end":{"line":79,"column":null}}]},"9":{"loc":{"start":{"line":89,"column":27},"end":{"line":89,"column":null}},"type":"cond-expr","locations":[{"start":{"line":89,"column":38},"end":{"line":89,"column":53}},{"start":{"line":89,"column":65},"end":{"line":89,"column":null}}]},"10":{"loc":{"start":{"line":102,"column":26},"end":{"line":102,"column":null}},"type":"cond-expr","locations":[{"start":{"line":102,"column":37},"end":{"line":102,"column":59}},{"start":{"line":102,"column":59},"end":{"line":102,"column":null}}]},"11":{"loc":{"start":{"line":108,"column":4},"end":{"line":110,"column":null}},"type":"if","locations":[{"start":{"line":108,"column":4},"end":{"line":110,"column":null}}]},"12":{"loc":{"start":{"line":111,"column":4},"end":{"line":113,"column":null}},"type":"if","locations":[{"start":{"line":111,"column":4},"end":{"line":113,"column":null}}]}},"s":{"0":2,"1":2,"2":2,"3":2,"4":2,"5":2,"6":2,"7":2,"8":2,"9":2,"10":2,"11":2,"12":2,"13":2,"14":0,"15":2,"16":0,"17":0,"18":0,"19":0,"20":0,"21":0,"22":0,"23":0,"24":0,"25":0,"26":0,"27":0,"28":0,"29":0,"30":0,"31":0,"32":0,"33":0,"34":0,"35":0,"36":0,"37":0,"38":0,"39":0,"40":0,"41":0,"42":0,"43":2,"44":2,"45":0,"46":0,"47":0,"48":0,"49":0,"50":2},"f":{"0":2,"1":0,"2":0,"3":0,"4":0,"5":0,"6":0,"7":0,"8":0,"9":0},"b":{"0":[2,2],"1":[0,0],"2":[0,0],"3":[0,0],"4":[0,0],"5":[0,0],"6":[0,0],"7":[0,0],"8":[0,0],"9":[0,0],"10":[0,0],"11":[0],"12":[0]}}
,"/Users/frodehansen/prosjekter/git/pleiepengesoknad/src/app/søknad/arbeidssituasjon-step/utils/arbeidsgivereUtils.ts": {"path":"/Users/frodehansen/prosjekter/git/pleiepengesoknad/src/app/søknad/arbeidssituasjon-step/utils/arbeidsgivereUtils.ts","statementMap":{"0":{"start":{"line":2,"column":0},"end":{"line":2,"column":null}},"1":{"start":{"line":4,"column":0},"end":{"line":4,"column":null}},"2":{"start":{"line":5,"column":0},"end":{"line":5,"column":null}},"3":{"start":{"line":7,"column":45},"end":{"line":7,"column":46}},"4":{"start":{"line":10,"column":25},"end":{"line":10,"column":26}},"5":{"start":{"line":22,"column":40},"end":{"line":41,"column":null}},"6":{"start":{"line":25,"column":35},"end":{"line":24,"column":null}},"7":{"start":{"line":26,"column":59},"end":{"line":26,"column":null}},"8":{"start":{"line":27,"column":4},"end":{"line":27,"column":17}},"9":{"start":{"line":28,"column":24},"end":{"line":28,"column":38}},"10":{"start":{"line":28,"column":44},"end":{"line":28,"column":45}},"11":{"start":{"line":29,"column":8},"end":{"line":34,"column":null}},"12":{"start":{"line":30,"column":12},"end":{"line":30,"column":28}},"13":{"start":{"line":35,"column":8},"end":{"line":35,"column":28}},"14":{"start":{"line":40,"column":4},"end":{"line":40,"column":11}},"15":{"start":{"line":22,"column":13},"end":{"line":22,"column":37}},"16":{"start":{"line":50,"column":46},"end":{"line":62,"column":null}},"17":{"start":{"line":53,"column":4},"end":{"line":52,"column":14}},"18":{"start":{"line":53,"column":4},"end":{"line":52,"column":null}},"19":{"start":{"line":54,"column":33},"end":{"line":54,"column":null}},"20":{"start":{"line":58,"column":4},"end":{"line":58,"column":17}},"21":{"start":{"line":60,"column":27},"end":{"line":60,"column":40}},"22":{"start":{"line":61,"column":4},"end":{"line":61,"column":17}},"23":{"start":{"line":50,"column":13},"end":{"line":50,"column":43}}},"fnMap":{"0":{"name":"erOrganisasjonElerPrivatArbeidsgiver","decl":{"start":{"line":7,"column":6},"end":{"line":7,"column":42}},"loc":{"start":{"line":7,"column":45},"end":{"line":7,"column":46}}},"1":{"name":"erFrilansoppdrag","decl":{"start":{"line":10,"column":6},"end":{"line":10,"column":22}},"loc":{"start":{"line":10,"column":25},"end":{"line":10,"column":26}}},"2":{"name":"syncAnsattArbeidsforhold","decl":{"start":{"line":22,"column":13},"end":{"line":22,"column":37}},"loc":{"start":{"line":25,"column":35},"end":{"line":41,"column":null}}},"3":{"name":"(anonymous_4)","decl":{"start":{"line":27,"column":26},"end":{"line":27,"column":27}},"loc":{"start":{"line":27,"column":43},"end":{"line":39,"column":null}}},"4":{"name":"(anonymous_5)","decl":{"start":{"line":28,"column":44},"end":{"line":28,"column":45}},"loc":{"start":{"line":28,"column":44},"end":{"line":28,"column":45}}},"5":{"name":"oppdaterSøknadMedArbeidsgivere","decl":{"start":{"line":50,"column":13},"end":{"line":50,"column":43}},"loc":{"start":{"line":53,"column":4},"end":{"line":62,"column":null}}}},"branchMap":{"0":{"loc":{"start":{"line":8,"column":4},"end":{"line":8,"column":null}},"type":"binary-expr","locations":[{"start":{"line":8,"column":4},"end":{"line":8,"column":48}},{"start":{"line":8,"column":48},"end":{"line":8,"column":null}}]},"1":{"loc":{"start":{"line":25,"column":35},"end":{"line":24,"column":null}},"type":"cond-expr","locations":[{"start":{"line":25,"column":35},"end":{"line":25,"column":null}},{"start":{"line":24,"column":47},"end":{"line":24,"column":null}}]},"2":{"loc":{"start":{"line":25,"column":35},"end":{"line":25,"column":null}},"type":"binary-expr","locations":[{"start":{"line":25,"column":35},"end":{"line":25,"column":null}},{"start":{"line":25,"column":35},"end":{"line":25,"column":null}}]},"3":{"loc":{"start":{"line":29,"column":8},"end":{"line":34,"column":null}},"type":"if","locations":[{"start":{"line":29,"column":8},"end":{"line":34,"column":null}}]}},"s":{"0":1,"1":1,"2":1,"3":1,"4":1,"5":1,"6":3,"7":3,"8":3,"9":6,"10":10,"11":6,"12":0,"13":6,"14":3,"15":1,"16":1,"17":0,"18":0,"19":0,"20":0,"21":0,"22":0,"23":1},"f":{"0":0,"1":0,"2":3,"3":6,"4":10,"5":0},"b":{"0":[0,0],"1":[3,0],"2":[3,3],"3":[0]}}
,"/Users/frodehansen/prosjekter/git/pleiepengesoknad/src/app/søknad/arbeidssituasjon-step/utils/cleanupArbeidssituasjonStep.ts": {"path":"/Users/frodehansen/prosjekter/git/pleiepengesoknad/src/app/søknad/arbeidssituasjon-step/utils/cleanupArbeidssituasjonStep.ts","statementMap":{"0":{"start":{"line":1,"column":0},"end":{"line":1,"column":null}},"1":{"start":{"line":7,"column":0},"end":{"line":7,"column":null}},"2":{"start":{"line":8,"column":0},"end":{"line":8,"column":null}},"3":{"start":{"line":10,"column":32},"end":{"line":24,"column":null}},"4":{"start":{"line":14,"column":57},"end":{"line":11,"column":null}},"5":{"start":{"line":14,"column":57},"end":{"line":12,"column":null}},"6":{"start":{"line":14,"column":57},"end":{"line":13,"column":null}},"7":{"start":{"line":15,"column":4},"end":{"line":15,"column":11}},"8":{"start":{"line":26,"column":43},"end":{"line":49,"column":null}},"9":{"start":{"line":27,"column":31},"end":{"line":27,"column":39}},"10":{"start":{"line":29,"column":4},"end":{"line":31,"column":null}},"11":{"start":{"line":30,"column":8},"end":{"line":30,"column":29}},"12":{"start":{"line":32,"column":4},"end":{"line":38,"column":null}},"13":{"start":{"line":36,"column":8},"end":{"line":36,"column":29}},"14":{"start":{"line":37,"column":8},"end":{"line":37,"column":29}},"15":{"start":{"line":39,"column":4},"end":{"line":44,"column":null}},"16":{"start":{"line":43,"column":8},"end":{"line":43,"column":29}},"17":{"start":{"line":45,"column":4},"end":{"line":47,"column":null}},"18":{"start":{"line":46,"column":8},"end":{"line":46,"column":29}},"19":{"start":{"line":48,"column":4},"end":{"line":48,"column":11}},"20":{"start":{"line":26,"column":13},"end":{"line":26,"column":40}},"21":{"start":{"line":51,"column":46},"end":{"line":86,"column":null}},"22":{"start":{"line":56,"column":17},"end":{"line":56,"column":42}},"23":{"start":{"line":57,"column":4},"end":{"line":59,"column":null}},"24":{"start":{"line":58,"column":8},"end":{"line":58,"column":15}},"25":{"start":{"line":61,"column":4},"end":{"line":80,"column":null}},"26":{"start":{"line":62,"column":8},"end":{"line":62,"column":15}},"27":{"start":{"line":63,"column":8},"end":{"line":65,"column":null}},"28":{"start":{"line":64,"column":12},"end":{"line":64,"column":19}},"29":{"start":{"line":67,"column":8},"end":{"line":73,"column":null}},"30":{"start":{"line":69,"column":12},"end":{"line":69,"column":19}},"31":{"start":{"line":70,"column":12},"end":{"line":70,"column":19}},"32":{"start":{"line":71,"column":12},"end":{"line":71,"column":19}},"33":{"start":{"line":72,"column":12},"end":{"line":72,"column":19}},"34":{"start":{"line":74,"column":8},"end":{"line":79,"column":null}},"35":{"start":{"line":76,"column":12},"end":{"line":78,"column":null}},"36":{"start":{"line":77,"column":16},"end":{"line":77,"column":23}},"37":{"start":{"line":81,"column":4},"end":{"line":83,"column":null}},"38":{"start":{"line":82,"column":8},"end":{"line":82,"column":15}},"39":{"start":{"line":85,"column":4},"end":{"line":85,"column":11}},"40":{"start":{"line":51,"column":13},"end":{"line":51,"column":43}},"41":{"start":{"line":88,"column":43},"end":{"line":113,"column":null}},"42":{"start":{"line":93,"column":16},"end":{"line":93,"column":40}},"43":{"start":{"line":95,"column":4},"end":{"line":95,"column":10}},"44":{"start":{"line":97,"column":4},"end":{"line":97,"column":10}},"45":{"start":{"line":99,"column":4},"end":{"line":102,"column":null}},"46":{"start":{"line":100,"column":8},"end":{"line":100,"column":14}},"47":{"start":{"line":101,"column":8},"end":{"line":101,"column":14}},"48":{"start":{"line":104,"column":4},"end":{"line":106,"column":null}},"49":{"start":{"line":105,"column":8},"end":{"line":105,"column":14}},"50":{"start":{"line":108,"column":4},"end":{"line":110,"column":null}},"51":{"start":{"line":109,"column":8},"end":{"line":109,"column":14}},"52":{"start":{"line":112,"column":4},"end":{"line":112,"column":11}},"53":{"start":{"line":88,"column":13},"end":{"line":88,"column":40}}},"fnMap":{"0":{"name":"cleanupNormalarbeidstid","decl":{"start":{"line":10,"column":6},"end":{"line":10,"column":29}},"loc":{"start":{"line":14,"column":57},"end":{"line":24,"column":null}}},"1":{"name":"cleanupAnsattArbeidsforhold","decl":{"start":{"line":26,"column":13},"end":{"line":26,"column":40}},"loc":{"start":{"line":26,"column":110},"end":{"line":49,"column":null}}},"2":{"name":"cleanupFrilansArbeidssituasjon","decl":{"start":{"line":51,"column":13},"end":{"line":51,"column":43}},"loc":{"start":{"line":55,"column":21},"end":{"line":86,"column":null}}},"3":{"name":"cleanupArbeidssituasjonStep","decl":{"start":{"line":88,"column":13},"end":{"line":88,"column":40}},"loc":{"start":{"line":92,"column":20},"end":{"line":113,"column":null}}}},"branchMap":{"0":{"loc":{"start":{"line":15,"column":11},"end":{"line":20,"column":null}},"type":"cond-expr","locations":[{"start":{"line":16,"column":10},"end":{"line":16,"column":null}},{"start":{"line":20,"column":10},"end":{"line":20,"column":null}}]},"1":{"loc":{"start":{"line":29,"column":4},"end":{"line":31,"column":null}},"type":"if","locations":[{"start":{"line":29,"column":4},"end":{"line":31,"column":null}}]},"2":{"loc":{"start":{"line":32,"column":4},"end":{"line":38,"column":null}},"type":"if","locations":[{"start":{"line":32,"column":4},"end":{"line":38,"column":null}}]},"3":{"loc":{"start":{"line":33,"column":8},"end":{"line":34,"column":null}},"type":"binary-expr","locations":[{"start":{"line":33,"column":8},"end":{"line":33,"column":null}},{"start":{"line":34,"column":8},"end":{"line":34,"column":null}}]},"4":{"loc":{"start":{"line":39,"column":4},"end":{"line":44,"column":null}},"type":"if","locations":[{"start":{"line":39,"column":4},"end":{"line":44,"column":null}}]},"5":{"loc":{"start":{"line":40,"column":8},"end":{"line":41,"column":null}},"type":"binary-expr","locations":[{"start":{"line":40,"column":8},"end":{"line":40,"column":null}},{"start":{"line":41,"column":8},"end":{"line":41,"column":null}}]},"6":{"loc":{"start":{"line":45,"column":4},"end":{"line":47,"column":null}},"type":"if","locations":[{"start":{"line":45,"column":4},"end":{"line":47,"column":null}}]},"7":{"loc":{"start":{"line":57,"column":4},"end":{"line":59,"column":null}},"type":"if","locations":[{"start":{"line":57,"column":4},"end":{"line":59,"column":null}}]},"8":{"loc":{"start":{"line":61,"column":4},"end":{"line":80,"column":null}},"type":"if","locations":[{"start":{"line":61,"column":4},"end":{"line":80,"column":null}},{"start":{"line":66,"column":11},"end":{"line":80,"column":null}}]},"9":{"loc":{"start":{"line":63,"column":8},"end":{"line":65,"column":null}},"type":"if","locations":[{"start":{"line":63,"column":8},"end":{"line":65,"column":null}}]},"10":{"loc":{"start":{"line":67,"column":8},"end":{"line":73,"column":null}},"type":"if","locations":[{"start":{"line":67,"column":8},"end":{"line":73,"column":null}}]},"11":{"loc":{"start":{"line":74,"column":8},"end":{"line":79,"column":null}},"type":"if","locations":[{"start":{"line":74,"column":8},"end":{"line":79,"column":null}}]},"12":{"loc":{"start":{"line":76,"column":12},"end":{"line":78,"column":null}},"type":"if","locations":[{"start":{"line":76,"column":12},"end":{"line":78,"column":null}}]},"13":{"loc":{"start":{"line":81,"column":4},"end":{"line":83,"column":null}},"type":"if","locations":[{"start":{"line":81,"column":4},"end":{"line":83,"column":null}}]},"14":{"loc":{"start":{"line":81,"column":8},"end":{"line":81,"column":75}},"type":"binary-expr","locations":[{"start":{"line":81,"column":8},"end":{"line":81,"column":34}},{"start":{"line":81,"column":34},"end":{"line":81,"column":75}}]},"15":{"loc":{"start":{"line":99,"column":4},"end":{"line":102,"column":null}},"type":"if","locations":[{"start":{"line":99,"column":4},"end":{"line":102,"column":null}}]},"16":{"loc":{"start":{"line":104,"column":4},"end":{"line":106,"column":null}},"type":"if","locations":[{"start":{"line":104,"column":4},"end":{"line":106,"column":null}}]},"17":{"loc":{"start":{"line":108,"column":4},"end":{"line":110,"column":null}},"type":"if","locations":[{"start":{"line":108,"column":4},"end":{"line":110,"column":null}}]}},"s":{"0":2,"1":2,"2":2,"3":2,"4":8,"5":8,"6":8,"7":8,"8":2,"9":5,"10":5,"11":4,"12":5,"13":1,"14":1,"15":5,"16":2,"17":5,"18":4,"19":5,"20":2,"21":2,"22":7,"23":7,"24":3,"25":7,"26":3,"27":3,"28":1,"29":4,"30":1,"31":1,"32":1,"33":1,"34":4,"35":3,"36":1,"37":7,"38":4,"39":7,"40":2,"41":2,"42":0,"43":0,"44":0,"45":0,"46":0,"47":0,"48":0,"49":0,"50":0,"51":0,"52":0,"53":2},"f":{"0":8,"1":5,"2":7,"3":0},"b":{"0":[3,5],"1":[4],"2":[1],"3":[5,1],"4":[2],"5":[5,4],"6":[4],"7":[3],"8":[3,4],"9":[1],"10":[1],"11":[3],"12":[1],"13":[4],"14":[7,4],"15":[0],"16":[0],"17":[0]}}
,"/Users/frodehansen/prosjekter/git/pleiepengesoknad/src/app/søknad/arbeidssituasjon-step/utils/visVernepliktSpørsmål.ts": {"path":"/Users/frodehansen/prosjekter/git/pleiepengesoknad/src/app/søknad/arbeidssituasjon-step/utils/visVernepliktSpørsmål.ts","statementMap":{"0":{"start":{"line":1,"column":0},"end":{"line":1,"column":null}},"1":{"start":{"line":4,"column":0},"end":{"line":4,"column":null}},"2":{"start":{"line":6,"column":37},"end":{"line":50,"column":null}},"3":{"start":{"line":14,"column":14},"end":{"line":7,"column":null}},"4":{"start":{"line":14,"column":14},"end":{"line":8,"column":null}},"5":{"start":{"line":14,"column":14},"end":{"line":9,"column":null}},"6":{"start":{"line":15,"column":43},"end":{"line":15,"column":null}},"7":{"start":{"line":15,"column":4},"end":{"line":15,"column":43}},"8":{"start":{"line":18,"column":4},"end":{"line":23,"column":null}},"9":{"start":{"line":22,"column":8},"end":{"line":22,"column":15}},"10":{"start":{"line":25,"column":4},"end":{"line":30,"column":null}},"11":{"start":{"line":29,"column":8},"end":{"line":29,"column":15}},"12":{"start":{"line":31,"column":4},"end":{"line":33,"column":null}},"13":{"start":{"line":32,"column":8},"end":{"line":32,"column":15}},"14":{"start":{"line":36,"column":4},"end":{"line":48,"column":null}},"15":{"start":{"line":37,"column":8},"end":{"line":39,"column":null}},"16":{"start":{"line":37,"column":39},"end":{"line":37,"column":40}},"17":{"start":{"line":38,"column":12},"end":{"line":38,"column":19}},"18":{"start":{"line":40,"column":8},"end":{"line":42,"column":null}},"19":{"start":{"line":40,"column":39},"end":{"line":40,"column":40}},"20":{"start":{"line":41,"column":12},"end":{"line":41,"column":19}},"21":{"start":{"line":43,"column":8},"end":{"line":43,"column":null}},"22":{"start":{"line":45,"column":16},"end":{"line":45,"column":17}},"23":{"start":{"line":49,"column":4},"end":{"line":49,"column":11}},"24":{"start":{"line":6,"column":13},"end":{"line":6,"column":34}}},"fnMap":{"0":{"name":"visVernepliktSpørsmål","decl":{"start":{"line":6,"column":13},"end":{"line":6,"column":34}},"loc":{"start":{"line":14,"column":14},"end":{"line":50,"column":null}}},"1":{"name":"(anonymous_1)","decl":{"start":{"line":37,"column":39},"end":{"line":37,"column":40}},"loc":{"start":{"line":37,"column":39},"end":{"line":37,"column":40}}},"2":{"name":"(anonymous_2)","decl":{"start":{"line":40,"column":39},"end":{"line":40,"column":40}},"loc":{"start":{"line":40,"column":39},"end":{"line":40,"column":40}}},"3":{"name":"(anonymous_3)","decl":{"start":{"line":45,"column":16},"end":{"line":45,"column":17}},"loc":{"start":{"line":45,"column":16},"end":{"line":45,"column":17}}}},"branchMap":{"0":{"loc":{"start":{"line":15,"column":43},"end":{"line":15,"column":null}},"type":"binary-expr","locations":[{"start":{"line":15,"column":43},"end":{"line":15,"column":50}},{"start":{"line":15,"column":54},"end":{"line":15,"column":null}}]},"1":{"loc":{"start":{"line":18,"column":4},"end":{"line":23,"column":null}},"type":"if","locations":[{"start":{"line":18,"column":4},"end":{"line":23,"column":null}}]},"2":{"loc":{"start":{"line":19,"column":8},"end":{"line":20,"column":null}},"type":"binary-expr","locations":[{"start":{"line":19,"column":8},"end":{"line":19,"column":null}},{"start":{"line":20,"column":8},"end":{"line":20,"column":null}}]},"3":{"loc":{"start":{"line":25,"column":4},"end":{"line":30,"column":null}},"type":"if","locations":[{"start":{"line":25,"column":4},"end":{"line":30,"column":null}}]},"4":{"loc":{"start":{"line":26,"column":8},"end":{"line":27,"column":null}},"type":"binary-expr","locations":[{"start":{"line":26,"column":8},"end":{"line":26,"column":null}},{"start":{"line":27,"column":8},"end":{"line":27,"column":null}}]},"5":{"loc":{"start":{"line":26,"column":26},"end":{"line":26,"column":67}},"type":"cond-expr","locations":[{"start":{"line":26,"column":33},"end":{"line":26,"column":35}},{"start":{"line":26,"column":26},"end":{"line":26,"column":67}}]},"6":{"loc":{"start":{"line":26,"column":26},"end":{"line":26,"column":35}},"type":"binary-expr","locations":[{"start":{"line":26,"column":26},"end":{"line":26,"column":35}},{"start":{"line":26,"column":26},"end":{"line":26,"column":35}}]},"7":{"loc":{"start":{"line":27,"column":8},"end":{"line":27,"column":48}},"type":"cond-expr","locations":[{"start":{"line":27,"column":15},"end":{"line":27,"column":17}},{"start":{"line":27,"column":8},"end":{"line":27,"column":48}}]},"8":{"loc":{"start":{"line":27,"column":8},"end":{"line":27,"column":17}},"type":"binary-expr","locations":[{"start":{"line":27,"column":8},"end":{"line":27,"column":17}},{"start":{"line":27,"column":8},"end":{"line":27,"column":17}}]},"9":{"loc":{"start":{"line":31,"column":4},"end":{"line":33,"column":null}},"type":"if","locations":[{"start":{"line":31,"column":4},"end":{"line":33,"column":null}}]},"10":{"loc":{"start":{"line":36,"column":4},"end":{"line":48,"column":null}},"type":"if","locations":[{"start":{"line":36,"column":4},"end":{"line":48,"column":null}}]},"11":{"loc":{"start":{"line":37,"column":8},"end":{"line":39,"column":null}},"type":"if","locations":[{"start":{"line":37,"column":8},"end":{"line":39,"column":null}}]},"12":{"loc":{"start":{"line":40,"column":8},"end":{"line":42,"column":null}},"type":"if","locations":[{"start":{"line":40,"column":8},"end":{"line":42,"column":null}}]},"13":{"loc":{"start":{"line":45,"column":23},"end":{"line":45,"column":null}},"type":"binary-expr","locations":[{"start":{"line":45,"column":23},"end":{"line":45,"column":52}},{"start":{"line":45,"column":52},"end":{"line":45,"column":null}}]}},"s":{"0":3,"1":3,"2":3,"3":10,"4":10,"5":10,"6":10,"7":10,"8":10,"9":3,"10":7,"11":1,"12":6,"13":0,"14":6,"15":5,"16":5,"17":0,"18":5,"19":5,"20":1,"21":4,"22":4,"23":1,"24":3},"f":{"0":10,"1":5,"2":5,"3":4},"b":{"0":[10,0],"1":[3],"2":[10,8],"3":[1],"4":[7,7],"5":[0,7],"6":[7,7],"7":[0,7],"8":[7,7],"9":[0],"10":[5],"11":[0],"12":[1],"13":[4,4]}}
,"/Users/frodehansen/prosjekter/git/pleiepengesoknad/src/app/søknad/arbeidstid-step/shared/utils/durationWeekdaysUtils.ts": {"path":"/Users/frodehansen/prosjekter/git/pleiepengesoknad/src/app/søknad/arbeidstid-step/shared/utils/durationWeekdaysUtils.ts","statementMap":{"0":{"start":{"line":1,"column":0},"end":{"line":1,"column":null}},"1":{"start":{"line":27,"column":47},"end":{"line":27,"column":48}},"2":{"start":{"line":27,"column":13},"end":{"line":27,"column":44}},"3":{"start":{"line":35,"column":48},"end":{"line":44,"column":null}},"4":{"start":{"line":36,"column":22},"end":{"line":36,"column":48}},"5":{"start":{"line":37,"column":4},"end":{"line":37,"column":11}},"6":{"start":{"line":35,"column":13},"end":{"line":35,"column":45}}},"fnMap":{"0":{"name":"getPercentageOfDurationWeekdays","decl":{"start":{"line":27,"column":13},"end":{"line":27,"column":44}},"loc":{"start":{"line":27,"column":47},"end":{"line":27,"column":48}}},"1":{"name":"durationWeekdaysFromHoursPerWeek","decl":{"start":{"line":35,"column":13},"end":{"line":35,"column":45}},"loc":{"start":{"line":35,"column":84},"end":{"line":44,"column":null}}}},"branchMap":{"0":{"loc":{"start":{"line":28,"column":12},"end":{"line":28,"column":null}},"type":"cond-expr","locations":[{"start":{"line":28,"column":30},"end":{"line":28,"column":54}},{"start":{"line":28,"column":85},"end":{"line":28,"column":null}}]},"1":{"loc":{"start":{"line":29,"column":13},"end":{"line":29,"column":null}},"type":"cond-expr","locations":[{"start":{"line":29,"column":32},"end":{"line":29,"column":56}},{"start":{"line":29,"column":88},"end":{"line":29,"column":null}}]},"2":{"loc":{"start":{"line":30,"column":15},"end":{"line":30,"column":null}},"type":"cond-expr","locations":[{"start":{"line":30,"column":36},"end":{"line":30,"column":60}},{"start":{"line":30,"column":94},"end":{"line":30,"column":null}}]},"3":{"loc":{"start":{"line":31,"column":14},"end":{"line":31,"column":null}},"type":"cond-expr","locations":[{"start":{"line":31,"column":34},"end":{"line":31,"column":58}},{"start":{"line":31,"column":91},"end":{"line":31,"column":null}}]},"4":{"loc":{"start":{"line":32,"column":12},"end":{"line":32,"column":null}},"type":"cond-expr","locations":[{"start":{"line":32,"column":30},"end":{"line":32,"column":54}},{"start":{"line":32,"column":85},"end":{"line":32,"column":null}}]}},"s":{"0":4,"1":5,"2":4,"3":4,"4":1,"5":1,"6":4},"f":{"0":1,"1":1},"b":{"0":[1,0],"1":[1,0],"2":[0,1],"3":[0,1],"4":[0,1]}}
,"/Users/frodehansen/prosjekter/git/pleiepengesoknad/src/app/søknad/arbeidstid-step/utils/cleanupArbeidstidStep.ts": {"path":"/Users/frodehansen/prosjekter/git/pleiepengesoknad/src/app/søknad/arbeidstid-step/utils/cleanupArbeidstidStep.ts","statementMap":{"0":{"start":{"line":1,"column":0},"end":{"line":1,"column":null}},"1":{"start":{"line":4,"column":0},"end":{"line":4,"column":null}},"2":{"start":{"line":5,"column":0},"end":{"line":5,"column":null}},"3":{"start":{"line":14,"column":0},"end":{"line":14,"column":null}},"4":{"start":{"line":15,"column":0},"end":{"line":15,"column":null}},"5":{"start":{"line":17,"column":37},"end":{"line":44,"column":null}},"6":{"start":{"line":21,"column":43},"end":{"line":21,"column":null}},"7":{"start":{"line":25,"column":4},"end":{"line":27,"column":null}},"8":{"start":{"line":26,"column":8},"end":{"line":26,"column":15}},"9":{"start":{"line":29,"column":89},"end":{"line":29,"column":27}},"10":{"start":{"line":29,"column":89},"end":{"line":29,"column":40}},"11":{"start":{"line":29,"column":89},"end":{"line":29,"column":59}},"12":{"start":{"line":29,"column":89},"end":{"line":29,"column":71}},"13":{"start":{"line":29,"column":89},"end":{"line":29,"column":3}},"14":{"start":{"line":31,"column":4},"end":{"line":37,"column":null}},"15":{"start":{"line":32,"column":8},"end":{"line":32,"column":14}},"16":{"start":{"line":33,"column":8},"end":{"line":33,"column":14}},"17":{"start":{"line":34,"column":8},"end":{"line":34,"column":15}},"18":{"start":{"line":39,"column":4},"end":{"line":39,"column":null}},"19":{"start":{"line":17,"column":13},"end":{"line":17,"column":34}},"20":{"start":{"line":46,"column":39},"end":{"line":56,"column":null}},"21":{"start":{"line":50,"column":4},"end":{"line":50,"column":11}},"22":{"start":{"line":50,"column":37},"end":{"line":50,"column":38}},"23":{"start":{"line":46,"column":13},"end":{"line":46,"column":36}},"24":{"start":{"line":58,"column":40},"end":{"line":73,"column":null}},"25":{"start":{"line":62,"column":4},"end":{"line":64,"column":null}},"26":{"start":{"line":63,"column":8},"end":{"line":63,"column":15}},"27":{"start":{"line":65,"column":32},"end":{"line":65,"column":70}},"28":{"start":{"line":66,"column":4},"end":{"line":66,"column":null}},"29":{"start":{"line":58,"column":13},"end":{"line":58,"column":37}},"30":{"start":{"line":75,"column":58},"end":{"line":97,"column":null}},"31":{"start":{"line":80,"column":4},"end":{"line":82,"column":null}},"32":{"start":{"line":81,"column":8},"end":{"line":81,"column":15}},"33":{"start":{"line":83,"column":49},"end":{"line":83,"column":null}},"34":{"start":{"line":87,"column":4},"end":{"line":87,"column":null}},"35":{"start":{"line":75,"column":13},"end":{"line":75,"column":55}},"36":{"start":{"line":99,"column":37},"end":{"line":111,"column":null}},"37":{"start":{"line":100,"column":16},"end":{"line":100,"column":40}},"38":{"start":{"line":102,"column":4},"end":{"line":102,"column":10}},"39":{"start":{"line":103,"column":4},"end":{"line":103,"column":10}},"40":{"start":{"line":104,"column":4},"end":{"line":104,"column":10}},"41":{"start":{"line":110,"column":4},"end":{"line":110,"column":11}},"42":{"start":{"line":99,"column":13},"end":{"line":99,"column":34}}},"fnMap":{"0":{"name":"cleanupArbeidIPeriode","decl":{"start":{"line":17,"column":13},"end":{"line":17,"column":34}},"loc":{"start":{"line":20,"column":28},"end":{"line":44,"column":null}}},"1":{"name":"cleanupArbeidstidAnsatt","decl":{"start":{"line":46,"column":13},"end":{"line":46,"column":36}},"loc":{"start":{"line":49,"column":30},"end":{"line":56,"column":null}}},"2":{"name":"(anonymous_2)","decl":{"start":{"line":50,"column":37},"end":{"line":50,"column":38}},"loc":{"start":{"line":50,"column":37},"end":{"line":50,"column":38}}},"3":{"name":"cleanupArbeidstidFrilans","decl":{"start":{"line":58,"column":13},"end":{"line":58,"column":37}},"loc":{"start":{"line":61,"column":49},"end":{"line":73,"column":null}}},"4":{"name":"cleanupArbeidstidSelvstendigNæringdrivende","decl":{"start":{"line":75,"column":13},"end":{"line":75,"column":55}},"loc":{"start":{"line":79,"column":51},"end":{"line":97,"column":null}}},"5":{"name":"cleanupArbeidstidStep","decl":{"start":{"line":99,"column":13},"end":{"line":99,"column":34}},"loc":{"start":{"line":99,"column":109},"end":{"line":111,"column":null}}}},"branchMap":{"0":{"loc":{"start":{"line":25,"column":4},"end":{"line":27,"column":null}},"type":"if","locations":[{"start":{"line":25,"column":4},"end":{"line":27,"column":null}}]},"1":{"loc":{"start":{"line":31,"column":4},"end":{"line":37,"column":null}},"type":"if","locations":[{"start":{"line":31,"column":4},"end":{"line":37,"column":null}}]},"2":{"loc":{"start":{"line":34,"column":15},"end":{"line":36,"column":19}},"type":"cond-expr","locations":[{"start":{"line":35,"column":13},"end":{"line":35,"column":19}},{"start":{"line":36,"column":13},"end":{"line":36,"column":19}}]},"3":{"loc":{"start":{"line":42,"column":21},"end":{"line":42,"column":null}},"type":"cond-expr","locations":[{"start":{"line":42,"column":35},"end":{"line":42,"column":59}},{"start":{"line":42,"column":83},"end":{"line":42,"column":null}}]},"4":{"loc":{"start":{"line":52,"column":24},"end":{"line":54,"column":null}},"type":"cond-expr","locations":[{"start":{"line":53,"column":14},"end":{"line":53,"column":36}},{"start":{"line":54,"column":14},"end":{"line":54,"column":null}}]},"5":{"loc":{"start":{"line":62,"column":4},"end":{"line":64,"column":null}},"type":"if","locations":[{"start":{"line":62,"column":4},"end":{"line":64,"column":null}}]},"6":{"loc":{"start":{"line":69,"column":12},"end":{"line":71,"column":null}},"type":"cond-expr","locations":[{"start":{"line":70,"column":18},"end":{"line":70,"column":40}},{"start":{"line":71,"column":18},"end":{"line":71,"column":null}}]},"7":{"loc":{"start":{"line":69,"column":12},"end":{"line":69,"column":35}},"type":"binary-expr","locations":[{"start":{"line":69,"column":12},"end":{"line":69,"column":31}},{"start":{"line":69,"column":35},"end":{"line":69,"column":null}}]},"8":{"loc":{"start":{"line":69,"column":35},"end":{"line":69,"column":null}},"type":"cond-expr","locations":[{"start":{"line":69,"column":57},"end":{"line":69,"column":59}},{"start":{"line":69,"column":57},"end":{"line":69,"column":null}}]},"9":{"loc":{"start":{"line":69,"column":35},"end":{"line":69,"column":59}},"type":"binary-expr","locations":[{"start":{"line":69,"column":35},"end":{"line":69,"column":59}},{"start":{"line":69,"column":57},"end":{"line":69,"column":59}}]},"10":{"loc":{"start":{"line":70,"column":40},"end":{"line":70,"column":80}},"type":"cond-expr","locations":[{"start":{"line":70,"column":62},"end":{"line":70,"column":64}},{"start":{"line":70,"column":62},"end":{"line":70,"column":80}}]},"11":{"loc":{"start":{"line":70,"column":40},"end":{"line":70,"column":64}},"type":"binary-expr","locations":[{"start":{"line":70,"column":40},"end":{"line":70,"column":64}},{"start":{"line":70,"column":62},"end":{"line":70,"column":64}}]},"12":{"loc":{"start":{"line":80,"column":4},"end":{"line":82,"column":null}},"type":"if","locations":[{"start":{"line":80,"column":4},"end":{"line":82,"column":null}}]},"13":{"loc":{"start":{"line":90,"column":12},"end":{"line":95,"column":null}},"type":"cond-expr","locations":[{"start":{"line":91,"column":18},"end":{"line":91,"column":null}},{"start":{"line":95,"column":18},"end":{"line":95,"column":null}}]},"14":{"loc":{"start":{"line":90,"column":12},"end":{"line":90,"column":null}},"type":"binary-expr","locations":[{"start":{"line":90,"column":12},"end":{"line":90,"column":58}},{"start":{"line":90,"column":58},"end":{"line":90,"column":null}}]},"15":{"loc":{"start":{"line":90,"column":12},"end":{"line":90,"column":58}},"type":"cond-expr","locations":[{"start":{"line":90,"column":38},"end":{"line":90,"column":40}},{"start":{"line":90,"column":12},"end":{"line":90,"column":58}}]},"16":{"loc":{"start":{"line":90,"column":12},"end":{"line":90,"column":40}},"type":"binary-expr","locations":[{"start":{"line":90,"column":12},"end":{"line":90,"column":40}},{"start":{"line":90,"column":12},"end":{"line":90,"column":40}}]},"17":{"loc":{"start":{"line":92,"column":22},"end":{"line":92,"column":null}},"type":"cond-expr","locations":[{"start":{"line":92,"column":48},"end":{"line":92,"column":50}},{"start":{"line":92,"column":22},"end":{"line":92,"column":null}}]},"18":{"loc":{"start":{"line":92,"column":22},"end":{"line":92,"column":50}},"type":"binary-expr","locations":[{"start":{"line":92,"column":22},"end":{"line":92,"column":50}},{"start":{"line":92,"column":22},"end":{"line":92,"column":50}}]}},"s":{"0":2,"1":2,"2":2,"3":2,"4":2,"5":2,"6":6,"7":6,"8":2,"9":4,"10":4,"11":4,"12":4,"13":4,"14":4,"15":4,"16":4,"17":4,"18":0,"19":2,"20":2,"21":0,"22":0,"23":2,"24":2,"25":0,"26":0,"27":0,"28":0,"29":2,"30":2,"31":0,"32":0,"33":0,"34":0,"35":2,"36":2,"37":0,"38":0,"39":0,"40":0,"41":0,"42":2},"f":{"0":6,"1":0,"2":0,"3":0,"4":0,"5":0},"b":{"0":[2],"1":[4],"2":[2,2],"3":[0,0],"4":[0,0],"5":[0],"6":[0,0],"7":[0,0],"8":[0,0],"9":[0,0],"10":[0,0],"11":[0,0],"12":[0],"13":[0,0],"14":[0,0],"15":[0,0],"16":[0,0],"17":[0,0],"18":[0,0]}}
,"/Users/frodehansen/prosjekter/git/pleiepengesoknad/src/app/søknad/omsorgstilbud-step/omsorgstilbudStepUtils.ts": {"path":"/Users/frodehansen/prosjekter/git/pleiepengesoknad/src/app/søknad/omsorgstilbud-step/omsorgstilbudStepUtils.ts","statementMap":{"0":{"start":{"line":1,"column":0},"end":{"line":1,"column":null}},"1":{"start":{"line":3,"column":0},"end":{"line":3,"column":null}},"2":{"start":{"line":4,"column":0},"end":{"line":4,"column":null}},"3":{"start":{"line":6,"column":0},"end":{"line":6,"column":null}},"4":{"start":{"line":7,"column":0},"end":{"line":7,"column":null}},"5":{"start":{"line":9,"column":0},"end":{"line":9,"column":6}},"6":{"start":{"line":11,"column":13},"end":{"line":11,"column":62}},"7":{"start":{"line":13,"column":57},"end":{"line":19,"column":null}},"8":{"start":{"line":14,"column":24},"end":{"line":14,"column":30}},"9":{"start":{"line":15,"column":4},"end":{"line":17,"column":null}},"10":{"start":{"line":16,"column":8},"end":{"line":16,"column":15}},"11":{"start":{"line":18,"column":4},"end":{"line":18,"column":11}},"12":{"start":{"line":13,"column":13},"end":{"line":13,"column":54}},"13":{"start":{"line":21,"column":40},"end":{"line":53,"column":null}},"14":{"start":{"line":22,"column":23},"end":{"line":22,"column":31}},"15":{"start":{"line":23,"column":32},"end":{"line":23,"column":74}},"16":{"start":{"line":24,"column":4},"end":{"line":44,"column":null}},"17":{"start":{"line":25,"column":8},"end":{"line":43,"column":null}},"18":{"start":{"line":26,"column":12},"end":{"line":26,"column":25}},"19":{"start":{"line":27,"column":12},"end":{"line":27,"column":25}},"20":{"start":{"line":28,"column":12},"end":{"line":28,"column":25}},"21":{"start":{"line":30,"column":12},"end":{"line":32,"column":null}},"22":{"start":{"line":31,"column":16},"end":{"line":31,"column":29}},"23":{"start":{"line":33,"column":12},"end":{"line":35,"column":null}},"24":{"start":{"line":34,"column":16},"end":{"line":34,"column":29}},"25":{"start":{"line":36,"column":12},"end":{"line":42,"column":null}},"26":{"start":{"line":37,"column":16},"end":{"line":37,"column":29}},"27":{"start":{"line":38,"column":16},"end":{"line":38,"column":29}},"28":{"start":{"line":45,"column":4},"end":{"line":50,"column":null}},"29":{"start":{"line":46,"column":8},"end":{"line":46,"column":21}},"30":{"start":{"line":47,"column":8},"end":{"line":47,"column":21}},"31":{"start":{"line":48,"column":8},"end":{"line":48,"column":21}},"32":{"start":{"line":49,"column":8},"end":{"line":49,"column":21}},"33":{"start":{"line":52,"column":4},"end":{"line":52,"column":11}},"34":{"start":{"line":21,"column":13},"end":{"line":21,"column":37}}},"fnMap":{"0":{"name":"skalViseSpørsmålOmProsentEllerLiktHverUke","decl":{"start":{"line":13,"column":13},"end":{"line":13,"column":54}},"loc":{"start":{"line":13,"column":89},"end":{"line":19,"column":null}}},"1":{"name":"cleanupOmsorgstilbudStep","decl":{"start":{"line":21,"column":13},"end":{"line":21,"column":37}},"loc":{"start":{"line":21,"column":110},"end":{"line":53,"column":null}}}},"branchMap":{"0":{"loc":{"start":{"line":15,"column":4},"end":{"line":17,"column":null}},"type":"if","locations":[{"start":{"line":15,"column":4},"end":{"line":17,"column":null}}]},"1":{"loc":{"start":{"line":24,"column":4},"end":{"line":44,"column":null}},"type":"if","locations":[{"start":{"line":24,"column":4},"end":{"line":44,"column":null}}]},"2":{"loc":{"start":{"line":25,"column":8},"end":{"line":43,"column":null}},"type":"if","locations":[{"start":{"line":25,"column":8},"end":{"line":43,"column":null}},{"start":{"line":29,"column":15},"end":{"line":43,"column":null}}]},"3":{"loc":{"start":{"line":25,"column":12},"end":{"line":25,"column":62}},"type":"cond-expr","locations":[{"start":{"line":25,"column":39},"end":{"line":25,"column":41}},{"start":{"line":25,"column":39},"end":{"line":25,"column":62}}]},"4":{"loc":{"start":{"line":25,"column":12},"end":{"line":25,"column":41}},"type":"binary-expr","locations":[{"start":{"line":25,"column":12},"end":{"line":25,"column":41}},{"start":{"line":25,"column":39},"end":{"line":25,"column":41}}]},"5":{"loc":{"start":{"line":30,"column":12},"end":{"line":32,"column":null}},"type":"if","locations":[{"start":{"line":30,"column":12},"end":{"line":32,"column":null}}]},"6":{"loc":{"start":{"line":33,"column":12},"end":{"line":35,"column":null}},"type":"if","locations":[{"start":{"line":33,"column":12},"end":{"line":35,"column":null}}]},"7":{"loc":{"start":{"line":36,"column":12},"end":{"line":42,"column":null}},"type":"if","locations":[{"start":{"line":36,"column":12},"end":{"line":42,"column":null}}]},"8":{"loc":{"start":{"line":36,"column":16},"end":{"line":36,"column":107}},"type":"binary-expr","locations":[{"start":{"line":36,"column":16},"end":{"line":36,"column":76}},{"start":{"line":36,"column":76},"end":{"line":36,"column":107}}]},"9":{"loc":{"start":{"line":39,"column":20},"end":{"line":39,"column":null}},"type":"binary-expr","locations":[{"start":{"line":39,"column":20},"end":{"line":39,"column":63}},{"start":{"line":39,"column":63},"end":{"line":39,"column":null}}]},"10":{"loc":{"start":{"line":45,"column":4},"end":{"line":50,"column":null}},"type":"if","locations":[{"start":{"line":45,"column":4},"end":{"line":50,"column":null}}]}},"s":{"0":1,"1":1,"2":1,"3":1,"4":1,"5":1,"6":1,"7":1,"8":2,"9":2,"10":2,"11":0,"12":1,"13":1,"14":2,"15":2,"16":2,"17":1,"18":0,"19":0,"20":0,"21":1,"22":1,"23":1,"24":0,"25":1,"26":1,"27":1,"28":2,"29":1,"30":1,"31":1,"32":1,"33":2,"34":1},"f":{"0":2,"1":2},"b":{"0":[2],"1":[1],"2":[0,1],"3":[0,1],"4":[1,1],"5":[1],"6":[0],"7":[1],"8":[1,1],"9":[1,0],"10":[1]}}
,"/Users/frodehansen/prosjekter/git/pleiepengesoknad/src/app/søknad/søknadsdata/extractArbeidIPeriodeSøknadsdata.ts": {"path":"/Users/frodehansen/prosjekter/git/pleiepengesoknad/src/app/søknad/søknadsdata/extractArbeidIPeriodeSøknadsdata.ts","statementMap":{"0":{"start":{"line":1,"column":0},"end":{"line":1,"column":null}},"1":{"start":{"line":2,"column":0},"end":{"line":2,"column":null}},"2":{"start":{"line":3,"column":0},"end":{"line":3,"column":null}},"3":{"start":{"line":6,"column":0},"end":{"line":6,"column":null}},"4":{"start":{"line":8,"column":48},"end":{"line":61,"column":null}},"5":{"start":{"line":19,"column":43},"end":{"line":10,"column":null}},"6":{"start":{"line":19,"column":43},"end":{"line":11,"column":null}},"7":{"start":{"line":19,"column":43},"end":{"line":12,"column":null}},"8":{"start":{"line":19,"column":43},"end":{"line":13,"column":null}},"9":{"start":{"line":19,"column":43},"end":{"line":14,"column":null}},"10":{"start":{"line":19,"column":43},"end":{"line":15,"column":null}},"11":{"start":{"line":20,"column":33},"end":{"line":20,"column":null}},"12":{"start":{"line":21,"column":4},"end":{"line":26,"column":null}},"13":{"start":{"line":22,"column":8},"end":{"line":22,"column":15}},"14":{"start":{"line":27,"column":35},"end":{"line":27,"column":null}},"15":{"start":{"line":28,"column":4},"end":{"line":60,"column":null}},"16":{"start":{"line":30,"column":12},"end":{"line":30,"column":null}},"17":{"start":{"line":32,"column":8},"end":{"line":40,"column":null}},"18":{"start":{"line":33,"column":12},"end":{"line":33,"column":19}},"19":{"start":{"line":41,"column":8},"end":{"line":48,"column":null}},"20":{"start":{"line":42,"column":12},"end":{"line":42,"column":19}},"21":{"start":{"line":49,"column":8},"end":{"line":49,"column":15}},"22":{"start":{"line":51,"column":8},"end":{"line":58,"column":null}},"23":{"start":{"line":52,"column":12},"end":{"line":52,"column":19}},"24":{"start":{"line":59,"column":8},"end":{"line":59,"column":15}},"25":{"start":{"line":8,"column":13},"end":{"line":8,"column":45}}},"fnMap":{"0":{"name":"extractArbeidIPeriodeSøknadsdata","decl":{"start":{"line":8,"column":13},"end":{"line":8,"column":45}},"loc":{"start":{"line":19,"column":43},"end":{"line":61,"column":null}}}},"branchMap":{"0":{"loc":{"start":{"line":21,"column":4},"end":{"line":26,"column":null}},"type":"if","locations":[{"start":{"line":21,"column":4},"end":{"line":26,"column":null}}]},"1":{"loc":{"start":{"line":28,"column":4},"end":{"line":60,"column":null}},"type":"if","locations":[{"start":{"line":28,"column":4},"end":{"line":60,"column":null}},{"start":{"line":50,"column":11},"end":{"line":60,"column":null}}]},"2":{"loc":{"start":{"line":30,"column":12},"end":{"line":30,"column":null}},"type":"cond-expr","locations":[{"start":{"line":30,"column":62},"end":{"line":30,"column":92}},{"start":{"line":30,"column":109},"end":{"line":30,"column":null}}]},"3":{"loc":{"start":{"line":32,"column":8},"end":{"line":40,"column":null}},"type":"if","locations":[{"start":{"line":32,"column":8},"end":{"line":40,"column":null}}]},"4":{"loc":{"start":{"line":32,"column":12},"end":{"line":32,"column":71}},"type":"binary-expr","locations":[{"start":{"line":32,"column":12},"end":{"line":32,"column":40}},{"start":{"line":32,"column":40},"end":{"line":32,"column":71}}]},"5":{"loc":{"start":{"line":41,"column":8},"end":{"line":48,"column":null}},"type":"if","locations":[{"start":{"line":41,"column":8},"end":{"line":48,"column":null}}]},"6":{"loc":{"start":{"line":41,"column":12},"end":{"line":41,"column":71}},"type":"binary-expr","locations":[{"start":{"line":41,"column":12},"end":{"line":41,"column":40}},{"start":{"line":41,"column":40},"end":{"line":41,"column":71}}]},"7":{"loc":{"start":{"line":51,"column":8},"end":{"line":58,"column":null}},"type":"if","locations":[{"start":{"line":51,"column":8},"end":{"line":58,"column":null}}]}},"s":{"0":3,"1":3,"2":3,"3":3,"4":3,"5":7,"6":7,"7":7,"8":7,"9":7,"10":7,"11":7,"12":7,"13":2,"14":5,"15":5,"16":3,"17":3,"18":1,"19":2,"20":1,"21":1,"22":2,"23":1,"24":1,"25":3},"f":{"0":7},"b":{"0":[2],"1":[3,2],"2":[2,1],"3":[1],"4":[3,2],"5":[1],"6":[2,1],"7":[1]}}
,"/Users/frodehansen/prosjekter/git/pleiepengesoknad/src/app/søknad/søknadsdata/extractArbeidSelvstendigSøknadsdata.ts": {"path":"/Users/frodehansen/prosjekter/git/pleiepengesoknad/src/app/søknad/søknadsdata/extractArbeidSelvstendigSøknadsdata.ts","statementMap":{"0":{"start":{"line":2,"column":0},"end":{"line":2,"column":null}},"1":{"start":{"line":5,"column":0},"end":{"line":5,"column":null}},"2":{"start":{"line":7,"column":51},"end":{"line":29,"column":null}},"3":{"start":{"line":11,"column":4},"end":{"line":13,"column":null}},"4":{"start":{"line":12,"column":8},"end":{"line":12,"column":15}},"5":{"start":{"line":14,"column":27},"end":{"line":16,"column":null}},"6":{"start":{"line":18,"column":23},"end":{"line":18,"column":null}},"7":{"start":{"line":20,"column":4},"end":{"line":22,"column":null}},"8":{"start":{"line":21,"column":8},"end":{"line":21,"column":15}},"9":{"start":{"line":24,"column":4},"end":{"line":24,"column":11}},"10":{"start":{"line":7,"column":13},"end":{"line":7,"column":48}}},"fnMap":{"0":{"name":"extractArbeidSelvstendigSøknadsdata","decl":{"start":{"line":7,"column":13},"end":{"line":7,"column":48}},"loc":{"start":{"line":10,"column":46},"end":{"line":29,"column":null}}}},"branchMap":{"0":{"loc":{"start":{"line":11,"column":4},"end":{"line":13,"column":null}},"type":"if","locations":[{"start":{"line":11,"column":4},"end":{"line":13,"column":null}}]},"1":{"loc":{"start":{"line":14,"column":27},"end":{"line":16,"column":null}},"type":"cond-expr","locations":[{"start":{"line":15,"column":10},"end":{"line":15,"column":43}},{"start":{"line":16,"column":10},"end":{"line":16,"column":null}}]},"2":{"loc":{"start":{"line":20,"column":4},"end":{"line":22,"column":null}},"type":"if","locations":[{"start":{"line":20,"column":4},"end":{"line":22,"column":null}}]},"3":{"loc":{"start":{"line":20,"column":8},"end":{"line":20,"column":48}},"type":"binary-expr","locations":[{"start":{"line":20,"column":8},"end":{"line":20,"column":27}},{"start":{"line":20,"column":27},"end":{"line":20,"column":42}},{"start":{"line":20,"column":42},"end":{"line":20,"column":48}}]}},"s":{"0":1,"1":1,"2":1,"3":5,"4":1,"5":4,"6":4,"7":4,"8":2,"9":2,"10":1},"f":{"0":5},"b":{"0":[1],"1":[4,0],"2":[2],"3":[4,2,2]}}
,"/Users/frodehansen/prosjekter/git/pleiepengesoknad/src/app/søknad/søknadsdata/extractArbeidsforholdSøknadsdata.ts": {"path":"/Users/frodehansen/prosjekter/git/pleiepengesoknad/src/app/søknad/søknadsdata/extractArbeidsforholdSøknadsdata.ts","statementMap":{"0":{"start":{"line":1,"column":0},"end":{"line":1,"column":null}},"1":{"start":{"line":4,"column":0},"end":{"line":4,"column":null}},"2":{"start":{"line":5,"column":0},"end":{"line":5,"column":null}},"3":{"start":{"line":6,"column":0},"end":{"line":6,"column":null}},"4":{"start":{"line":8,"column":48},"end":{"line":37,"column":null}},"5":{"start":{"line":12,"column":30},"end":{"line":14,"column":null}},"6":{"start":{"line":16,"column":29},"end":{"line":16,"column":53}},"7":{"start":{"line":18,"column":4},"end":{"line":35,"column":null}},"8":{"start":{"line":19,"column":8},"end":{"line":28,"column":null}},"9":{"start":{"line":20,"column":42},"end":{"line":22,"column":null}},"10":{"start":{"line":23,"column":12},"end":{"line":23,"column":19}},"11":{"start":{"line":29,"column":8},"end":{"line":34,"column":null}},"12":{"start":{"line":30,"column":12},"end":{"line":30,"column":19}},"13":{"start":{"line":36,"column":4},"end":{"line":36,"column":11}},"14":{"start":{"line":8,"column":13},"end":{"line":8,"column":45}}},"fnMap":{"0":{"name":"extractArbeidsforholdSøknadsdata","decl":{"start":{"line":8,"column":13},"end":{"line":8,"column":45}},"loc":{"start":{"line":11,"column":43},"end":{"line":37,"column":null}}}},"branchMap":{"0":{"loc":{"start":{"line":12,"column":30},"end":{"line":14,"column":null}},"type":"cond-expr","locations":[{"start":{"line":13,"column":10},"end":{"line":13,"column":null}},{"start":{"line":14,"column":10},"end":{"line":14,"column":null}}]},"1":{"loc":{"start":{"line":18,"column":4},"end":{"line":35,"column":null}},"type":"if","locations":[{"start":{"line":18,"column":4},"end":{"line":35,"column":null}}]},"2":{"loc":{"start":{"line":18,"column":8},"end":{"line":18,"column":61}},"type":"binary-expr","locations":[{"start":{"line":18,"column":8},"end":{"line":18,"column":24}},{"start":{"line":18,"column":28},"end":{"line":18,"column":61}}]},"3":{"loc":{"start":{"line":19,"column":8},"end":{"line":28,"column":null}},"type":"if","locations":[{"start":{"line":19,"column":8},"end":{"line":28,"column":null}}]},"4":{"loc":{"start":{"line":20,"column":42},"end":{"line":22,"column":null}},"type":"cond-expr","locations":[{"start":{"line":21,"column":18},"end":{"line":21,"column":51}},{"start":{"line":22,"column":18},"end":{"line":22,"column":null}}]},"5":{"loc":{"start":{"line":29,"column":8},"end":{"line":34,"column":null}},"type":"if","locations":[{"start":{"line":29,"column":8},"end":{"line":34,"column":null}}]}},"s":{"0":2,"1":2,"2":2,"3":2,"4":2,"5":4,"6":4,"7":4,"8":2,"9":1,"10":1,"11":1,"12":1,"13":2,"14":2},"f":{"0":4},"b":{"0":[3,1],"1":[2],"2":[4,3],"3":[1],"4":[1,0],"5":[1]}}
,"/Users/frodehansen/prosjekter/git/pleiepengesoknad/src/app/søknad/søknadsdata/extractNormalarbeidstidSøknadsdata.ts": {"path":"/Users/frodehansen/prosjekter/git/pleiepengesoknad/src/app/søknad/søknadsdata/extractNormalarbeidstidSøknadsdata.ts","statementMap":{"0":{"start":{"line":1,"column":0},"end":{"line":1,"column":null}},"1":{"start":{"line":2,"column":0},"end":{"line":2,"column":null}},"2":{"start":{"line":5,"column":0},"end":{"line":5,"column":null}},"3":{"start":{"line":6,"column":0},"end":{"line":6,"column":null}},"4":{"start":{"line":8,"column":39},"end":{"line":33,"column":null}},"5":{"start":{"line":11,"column":4},"end":{"line":13,"column":null}},"6":{"start":{"line":12,"column":8},"end":{"line":12,"column":15}},"7":{"start":{"line":14,"column":26},"end":{"line":14,"column":null}},"8":{"start":{"line":15,"column":4},"end":{"line":23,"column":null}},"9":{"start":{"line":16,"column":8},"end":{"line":22,"column":null}},"10":{"start":{"line":17,"column":12},"end":{"line":17,"column":19}},"11":{"start":{"line":24,"column":24},"end":{"line":24,"column":54}},"12":{"start":{"line":25,"column":4},"end":{"line":31,"column":null}},"13":{"start":{"line":26,"column":8},"end":{"line":26,"column":15}},"14":{"start":{"line":32,"column":4},"end":{"line":32,"column":11}},"15":{"start":{"line":8,"column":13},"end":{"line":8,"column":36}}},"fnMap":{"0":{"name":"extractNormalarbeidstid","decl":{"start":{"line":8,"column":13},"end":{"line":8,"column":36}},"loc":{"start":{"line":10,"column":45},"end":{"line":33,"column":null}}}},"branchMap":{"0":{"loc":{"start":{"line":11,"column":4},"end":{"line":13,"column":null}},"type":"if","locations":[{"start":{"line":11,"column":4},"end":{"line":13,"column":null}}]},"1":{"loc":{"start":{"line":11,"column":8},"end":{"line":11,"column":90}},"type":"binary-expr","locations":[{"start":{"line":11,"column":8},"end":{"line":11,"column":29}},{"start":{"line":11,"column":29},"end":{"line":11,"column":90}}]},"2":{"loc":{"start":{"line":15,"column":4},"end":{"line":23,"column":null}},"type":"if","locations":[{"start":{"line":15,"column":4},"end":{"line":23,"column":null}}]},"3":{"loc":{"start":{"line":16,"column":8},"end":{"line":22,"column":null}},"type":"if","locations":[{"start":{"line":16,"column":8},"end":{"line":22,"column":null}}]},"4":{"loc":{"start":{"line":25,"column":4},"end":{"line":31,"column":null}},"type":"if","locations":[{"start":{"line":25,"column":4},"end":{"line":31,"column":null}}]},"5":{"loc":{"start":{"line":25,"column":8},"end":{"line":25,"column":53}},"type":"binary-expr","locations":[{"start":{"line":25,"column":8},"end":{"line":25,"column":26}},{"start":{"line":25,"column":26},"end":{"line":25,"column":53}}]}},"s":{"0":3,"1":3,"2":3,"3":3,"4":3,"5":9,"6":3,"7":6,"8":6,"9":4,"10":4,"11":2,"12":2,"13":1,"14":1,"15":3},"f":{"0":9},"b":{"0":[3],"1":[9,7],"2":[4],"3":[4],"4":[1],"5":[2,2]}}
,"/Users/frodehansen/prosjekter/git/pleiepengesoknad/src/app/types/AndreYtelserFraNavn.ts": {"path":"/Users/frodehansen/prosjekter/git/pleiepengesoknad/src/app/types/AndreYtelserFraNavn.ts","statementMap":{"0":{"start":{"line":1,"column":0},"end":{"line":1,"column":12}},"1":{"start":{"line":2,"column":4},"end":{"line":2,"column":null}},"2":{"start":{"line":3,"column":4},"end":{"line":3,"column":null}},"3":{"start":{"line":4,"column":4},"end":{"line":4,"column":null}},"4":{"start":{"line":5,"column":4},"end":{"line":5,"column":null}},"5":{"start":{"line":6,"column":4},"end":{"line":6,"column":null}},"6":{"start":{"line":7,"column":4},"end":{"line":7,"column":null}}},"fnMap":{"0":{"name":"(anonymous_0)","decl":{"start":{"line":1,"column":0},"end":{"line":1,"column":12}},"loc":{"start":{"line":1,"column":30},"end":{"line":8,"column":null}}}},"branchMap":{"0":{"loc":{"start":{"line":1,"column":12},"end":{"line":1,"column":30}},"type":"binary-expr","locations":[{"start":{"line":1,"column":12},"end":{"line":1,"column":30}},{"start":{"line":1,"column":12},"end":{"line":1,"column":null}}]}},"s":{"0":10,"1":10,"2":10,"3":10,"4":10,"5":10,"6":10},"f":{"0":10},"b":{"0":[10,10]}}
,"/Users/frodehansen/prosjekter/git/pleiepengesoknad/src/app/types/Arbeidsgiver.ts": {"path":"/Users/frodehansen/prosjekter/git/pleiepengesoknad/src/app/types/Arbeidsgiver.ts","statementMap":{"0":{"start":{"line":1,"column":0},"end":{"line":1,"column":12}},"1":{"start":{"line":2,"column":4},"end":{"line":2,"column":null}},"2":{"start":{"line":3,"column":4},"end":{"line":3,"column":null}},"3":{"start":{"line":4,"column":4},"end":{"line":4,"column":null}}},"fnMap":{"0":{"name":"(anonymous_0)","decl":{"start":{"line":1,"column":0},"end":{"line":1,"column":12}},"loc":{"start":{"line":1,"column":28},"end":{"line":5,"column":null}}}},"branchMap":{"0":{"loc":{"start":{"line":1,"column":12},"end":{"line":1,"column":28}},"type":"binary-expr","locations":[{"start":{"line":1,"column":12},"end":{"line":1,"column":28}},{"start":{"line":1,"column":12},"end":{"line":1,"column":null}}]}},"s":{"0":12,"1":12,"2":12,"3":12},"f":{"0":12},"b":{"0":[12,12]}}
,"/Users/frodehansen/prosjekter/git/pleiepengesoknad/src/app/types/BarnRelasjon.ts": {"path":"/Users/frodehansen/prosjekter/git/pleiepengesoknad/src/app/types/BarnRelasjon.ts","statementMap":{"0":{"start":{"line":1,"column":0},"end":{"line":1,"column":12}},"1":{"start":{"line":2,"column":4},"end":{"line":2,"column":null}},"2":{"start":{"line":3,"column":4},"end":{"line":3,"column":null}},"3":{"start":{"line":4,"column":4},"end":{"line":4,"column":null}},"4":{"start":{"line":5,"column":4},"end":{"line":5,"column":null}},"5":{"start":{"line":6,"column":4},"end":{"line":6,"column":null}}},"fnMap":{"0":{"name":"(anonymous_0)","decl":{"start":{"line":1,"column":0},"end":{"line":1,"column":12}},"loc":{"start":{"line":1,"column":24},"end":{"line":7,"column":null}}}},"branchMap":{"0":{"loc":{"start":{"line":1,"column":12},"end":{"line":1,"column":24}},"type":"binary-expr","locations":[{"start":{"line":1,"column":12},"end":{"line":1,"column":24}},{"start":{"line":1,"column":12},"end":{"line":1,"column":null}}]}},"s":{"0":10,"1":10,"2":10,"3":10,"4":10,"5":10},"f":{"0":10},"b":{"0":[10,10]}}
,"/Users/frodehansen/prosjekter/git/pleiepengesoknad/src/app/types/ResourceType.ts": {"path":"/Users/frodehansen/prosjekter/git/pleiepengesoknad/src/app/types/ResourceType.ts","statementMap":{"0":{"start":{"line":1,"column":0},"end":{"line":1,"column":12}},"1":{"start":{"line":2,"column":4},"end":{"line":2,"column":null}},"2":{"start":{"line":3,"column":4},"end":{"line":3,"column":null}},"3":{"start":{"line":4,"column":4},"end":{"line":4,"column":null}},"4":{"start":{"line":5,"column":4},"end":{"line":5,"column":null}},"5":{"start":{"line":6,"column":4},"end":{"line":6,"column":null}},"6":{"start":{"line":7,"column":4},"end":{"line":7,"column":null}},"7":{"start":{"line":8,"column":4},"end":{"line":8,"column":null}}},"fnMap":{"0":{"name":"(anonymous_0)","decl":{"start":{"line":1,"column":0},"end":{"line":1,"column":12}},"loc":{"start":{"line":1,"column":24},"end":{"line":9,"column":null}}}},"branchMap":{"0":{"loc":{"start":{"line":1,"column":12},"end":{"line":1,"column":24}},"type":"binary-expr","locations":[{"start":{"line":1,"column":12},"end":{"line":1,"column":24}},{"start":{"line":1,"column":12},"end":{"line":1,"column":null}}]}},"s":{"0":12,"1":12,"2":12,"3":12,"4":12,"5":12,"6":12,"7":12},"f":{"0":12},"b":{"0":[12,12]}}
,"/Users/frodehansen/prosjekter/git/pleiepengesoknad/src/app/types/SøknadFormData.ts": {"path":"/Users/frodehansen/prosjekter/git/pleiepengesoknad/src/app/types/SøknadFormData.ts","statementMap":{"0":{"start":{"line":2,"column":0},"end":{"line":2,"column":null}},"1":{"start":{"line":12,"column":0},"end":{"line":12,"column":12}},"2":{"start":{"line":13,"column":4},"end":{"line":13,"column":null}},"3":{"start":{"line":14,"column":4},"end":{"line":14,"column":null}},"4":{"start":{"line":15,"column":4},"end":{"line":15,"column":null}},"5":{"start":{"line":16,"column":4},"end":{"line":16,"column":null}},"6":{"start":{"line":17,"column":4},"end":{"line":17,"column":null}},"7":{"start":{"line":18,"column":4},"end":{"line":18,"column":null}},"8":{"start":{"line":19,"column":4},"end":{"line":19,"column":null}},"9":{"start":{"line":20,"column":4},"end":{"line":20,"column":null}},"10":{"start":{"line":21,"column":4},"end":{"line":21,"column":null}},"11":{"start":{"line":22,"column":4},"end":{"line":22,"column":null}},"12":{"start":{"line":23,"column":4},"end":{"line":23,"column":null}},"13":{"start":{"line":24,"column":4},"end":{"line":24,"column":null}},"14":{"start":{"line":25,"column":4},"end":{"line":25,"column":null}},"15":{"start":{"line":26,"column":4},"end":{"line":26,"column":null}},"16":{"start":{"line":27,"column":4},"end":{"line":27,"column":null}},"17":{"start":{"line":28,"column":4},"end":{"line":28,"column":null}},"18":{"start":{"line":29,"column":4},"end":{"line":29,"column":null}},"19":{"start":{"line":30,"column":4},"end":{"line":30,"column":null}},"20":{"start":{"line":31,"column":4},"end":{"line":31,"column":null}},"21":{"start":{"line":32,"column":4},"end":{"line":32,"column":null}},"22":{"start":{"line":33,"column":4},"end":{"line":33,"column":null}},"23":{"start":{"line":34,"column":4},"end":{"line":34,"column":null}},"24":{"start":{"line":35,"column":4},"end":{"line":35,"column":null}},"25":{"start":{"line":36,"column":4},"end":{"line":36,"column":null}},"26":{"start":{"line":37,"column":4},"end":{"line":37,"column":null}},"27":{"start":{"line":38,"column":4},"end":{"line":38,"column":null}},"28":{"start":{"line":39,"column":4},"end":{"line":39,"column":null}},"29":{"start":{"line":40,"column":4},"end":{"line":40,"column":null}},"30":{"start":{"line":41,"column":4},"end":{"line":41,"column":null}},"31":{"start":{"line":42,"column":4},"end":{"line":42,"column":null}},"32":{"start":{"line":43,"column":4},"end":{"line":43,"column":null}},"33":{"start":{"line":44,"column":4},"end":{"line":44,"column":null}},"34":{"start":{"line":45,"column":4},"end":{"line":45,"column":null}},"35":{"start":{"line":46,"column":4},"end":{"line":46,"column":null}},"36":{"start":{"line":47,"column":4},"end":{"line":47,"column":null}},"37":{"start":{"line":48,"column":4},"end":{"line":48,"column":null}},"38":{"start":{"line":49,"column":4},"end":{"line":49,"column":null}},"39":{"start":{"line":50,"column":4},"end":{"line":50,"column":null}},"40":{"start":{"line":51,"column":4},"end":{"line":51,"column":null}},"41":{"start":{"line":52,"column":4},"end":{"line":52,"column":null}},"42":{"start":{"line":53,"column":4},"end":{"line":53,"column":null}},"43":{"start":{"line":54,"column":4},"end":{"line":54,"column":null}},"44":{"start":{"line":55,"column":4},"end":{"line":55,"column":null}},"45":{"start":{"line":106,"column":13},"end":{"line":106,"column":null}}},"fnMap":{"0":{"name":"(anonymous_1)","decl":{"start":{"line":12,"column":0},"end":{"line":12,"column":12}},"loc":{"start":{"line":12,"column":27},"end":{"line":56,"column":null}}}},"branchMap":{"0":{"loc":{"start":{"line":12,"column":12},"end":{"line":12,"column":27}},"type":"binary-expr","locations":[{"start":{"line":12,"column":12},"end":{"line":12,"column":27}},{"start":{"line":12,"column":12},"end":{"line":12,"column":null}}]}},"s":{"0":4,"1":4,"2":4,"3":4,"4":4,"5":4,"6":4,"7":4,"8":4,"9":4,"10":4,"11":4,"12":4,"13":4,"14":4,"15":4,"16":4,"17":4,"18":4,"19":4,"20":4,"21":4,"22":4,"23":4,"24":4,"25":4,"26":4,"27":4,"28":4,"29":4,"30":4,"31":4,"32":4,"33":4,"34":4,"35":4,"36":4,"37":4,"38":4,"39":4,"40":4,"41":4,"42":4,"43":4,"44":4,"45":4},"f":{"0":4},"b":{"0":[4,4]}}
,"/Users/frodehansen/prosjekter/git/pleiepengesoknad/src/app/types/SøknadTempStorageData.ts": {"path":"/Users/frodehansen/prosjekter/git/pleiepengesoknad/src/app/types/SøknadTempStorageData.ts","statementMap":{"0":{"start":{"line":4,"column":13},"end":{"line":4,"column":37}}},"fnMap":{},"branchMap":{},"s":{"0":1},"f":{},"b":{}}
,"/Users/frodehansen/prosjekter/git/pleiepengesoknad/src/app/types/TimerEllerProsent.ts": {"path":"/Users/frodehansen/prosjekter/git/pleiepengesoknad/src/app/types/TimerEllerProsent.ts","statementMap":{"0":{"start":{"line":1,"column":0},"end":{"line":1,"column":12}},"1":{"start":{"line":2,"column":4},"end":{"line":2,"column":null}},"2":{"start":{"line":3,"column":4},"end":{"line":3,"column":null}}},"fnMap":{"0":{"name":"(anonymous_0)","decl":{"start":{"line":1,"column":0},"end":{"line":1,"column":12}},"loc":{"start":{"line":1,"column":29},"end":{"line":4,"column":null}}}},"branchMap":{"0":{"loc":{"start":{"line":1,"column":12},"end":{"line":1,"column":29}},"type":"binary-expr","locations":[{"start":{"line":1,"column":12},"end":{"line":1,"column":29}},{"start":{"line":1,"column":12},"end":{"line":1,"column":null}}]}},"s":{"0":10,"1":10,"2":10},"f":{"0":10},"b":{"0":[10,10]}}
,"/Users/frodehansen/prosjekter/git/pleiepengesoknad/src/app/types/index.ts": {"path":"/Users/frodehansen/prosjekter/git/pleiepengesoknad/src/app/types/index.ts","statementMap":{"0":{"start":{"line":1,"column":0},"end":{"line":1,"column":null}},"1":{"start":{"line":2,"column":0},"end":{"line":2,"column":null}},"2":{"start":{"line":3,"column":0},"end":{"line":3,"column":null}},"3":{"start":{"line":4,"column":0},"end":{"line":4,"column":null}},"4":{"start":{"line":5,"column":0},"end":{"line":5,"column":null}},"5":{"start":{"line":6,"column":0},"end":{"line":6,"column":null}},"6":{"start":{"line":7,"column":0},"end":{"line":7,"column":null}},"7":{"start":{"line":8,"column":0},"end":{"line":8,"column":null}},"8":{"start":{"line":9,"column":0},"end":{"line":9,"column":null}},"9":{"start":{"line":10,"column":0},"end":{"line":10,"column":null}}},"fnMap":{},"branchMap":{},"s":{"0":10,"1":10,"2":10,"3":10,"4":10,"5":10,"6":10,"7":10,"8":10,"9":10},"f":{},"b":{}}
,"/Users/frodehansen/prosjekter/git/pleiepengesoknad/src/app/types/ÅrsakManglerIdentitetsnummer.ts": {"path":"/Users/frodehansen/prosjekter/git/pleiepengesoknad/src/app/types/ÅrsakManglerIdentitetsnummer.ts","statementMap":{"0":{"start":{"line":1,"column":0},"end":{"line":1,"column":12}},"1":{"start":{"line":2,"column":4},"end":{"line":2,"column":null}},"2":{"start":{"line":3,"column":4},"end":{"line":3,"column":null}},"3":{"start":{"line":4,"column":4},"end":{"line":4,"column":null}}},"fnMap":{"0":{"name":"(anonymous_0)","decl":{"start":{"line":1,"column":0},"end":{"line":1,"column":12}},"loc":{"start":{"line":1,"column":40},"end":{"line":5,"column":null}}}},"branchMap":{"0":{"loc":{"start":{"line":1,"column":12},"end":{"line":1,"column":40}},"type":"binary-expr","locations":[{"start":{"line":1,"column":12},"end":{"line":1,"column":40}},{"start":{"line":1,"column":12},"end":{"line":1,"column":null}}]}},"s":{"0":10,"1":10,"2":10,"3":10},"f":{"0":10},"b":{"0":[10,10]}}
[...]
,"/Users/frodehansen/prosjekter/git/pleiepengesoknad/src/app/validation/fieldValidations.ts": {"path":"/Users/frodehansen/prosjekter/git/pleiepengesoknad/src/app/validation/fieldValidations.ts","statementMap":{"0":{"start":{"line":2,"column":0},"end":{"line":2,"column":null}},"1":{"start":{"line":3,"column":0},"end":{"line":3,"column":null}},"2":{"start":{"line":8,"column":0},"end":{"line":8,"column":null}},"3":{"start":{"line":15,"column":0},"end":{"line":15,"column":null}},"4":{"start":{"line":16,"column":0},"end":{"line":16,"column":null}},"5":{"start":{"line":24,"column":0},"end":{"line":24,"column":null}},"6":{"start":{"line":25,"column":0},"end":{"line":25,"column":null}},"7":{"start":{"line":26,"column":0},"end":{"line":26,"column":null}},"8":{"start":{"line":27,"column":0},"end":{"line":27,"column":null}},"9":{"start":{"line":28,"column":0},"end":{"line":28,"column":null}},"10":{"start":{"line":30,"column":0},"end":{"line":30,"column":6}},"11":{"start":{"line":31,"column":0},"end":{"line":31,"column":6}},"12":{"start":{"line":33,"column":0},"end":{"line":33,"column":12}},"13":{"start":{"line":34,"column":4},"end":{"line":34,"column":null}},"14":{"start":{"line":35,"column":4},"end":{"line":35,"column":null}},"15":{"start":{"line":36,"column":4},"end":{"line":36,"column":null}},"16":{"start":{"line":38,"column":4},"end":{"line":38,"column":null}},"17":{"start":{"line":39,"column":4},"end":{"line":39,"column":null}},"18":{"start":{"line":40,"column":4},"end":{"line":40,"column":null}},"19":{"start":{"line":41,"column":4},"end":{"line":41,"column":null}},"20":{"start":{"line":43,"column":4},"end":{"line":43,"column":null}},"21":{"start":{"line":44,"column":4},"end":{"line":44,"column":null}},"22":{"start":{"line":46,"column":4},"end":{"line":46,"column":null}},"23":{"start":{"line":47,"column":4},"end":{"line":47,"column":null}},"24":{"start":{"line":48,"column":4},"end":{"line":48,"column":null}},"25":{"start":{"line":49,"column":4},"end":{"line":49,"column":null}},"26":{"start":{"line":50,"column":4},"end":{"line":50,"column":null}},"27":{"start":{"line":51,"column":4},"end":{"line":51,"column":null}},"28":{"start":{"line":52,"column":4},"end":{"line":52,"column":null}},"29":{"start":{"line":55,"column":33},"end":{"line":57,"column":null}},"30":{"start":{"line":56,"column":4},"end":{"line":56,"column":11}},"31":{"start":{"line":55,"column":13},"end":{"line":55,"column":30}},"32":{"start":{"line":59,"column":28},"end":{"line":67,"column":null}},"33":{"start":{"line":60,"column":18},"end":{"line":60,"column":37}},"34":{"start":{"line":61,"column":4},"end":{"line":61,"column":11}},"35":{"start":{"line":59,"column":13},"end":{"line":59,"column":25}},"36":{"start":{"line":69,"column":37},"end":{"line":71,"column":null}},"37":{"start":{"line":70,"column":4},"end":{"line":70,"column":11}},"38":{"start":{"line":69,"column":13},"end":{"line":69,"column":34}},"39":{"start":{"line":73,"column":31},"end":{"line":97,"column":null}},"40":{"start":{"line":78,"column":20},"end":{"line":78,"column":36}},"41":{"start":{"line":79,"column":20},"end":{"line":81,"column":null}},"42":{"start":{"line":83,"column":18},"end":{"line":83,"column":40}},"43":{"start":{"line":89,"column":4},"end":{"line":89,"column":11}},"44":{"start":{"line":73,"column":13},"end":{"line":73,"column":28}},"45":{"start":{"line":99,"column":31},"end":{"line":107,"column":null}},"46":{"start":{"line":100,"column":4},"end":{"line":100,"column":11}},"47":{"start":{"line":99,"column":13},"end":{"line":99,"column":28}},"48":{"start":{"line":109,"column":49},"end":{"line":127,"column":null}},"49":{"start":{"line":113,"column":4},"end":{"line":115,"column":null}},"50":{"start":{"line":114,"column":8},"end":{"line":114,"column":15}},"51":{"start":{"line":116,"column":23},"end":{"line":116,"column":39}},"52":{"start":{"line":116,"column":44},"end":{"line":116,"column":45}},"53":{"start":{"line":117,"column":4},"end":{"line":119,"column":null}},"54":{"start":{"line":118,"column":8},"end":{"line":118,"column":15}},"55":{"start":{"line":120,"column":4},"end":{"line":122,"column":null}},"56":{"start":{"line":121,"column":8},"end":{"line":121,"column":15}},"57":{"start":{"line":123,"column":4},"end":{"line":125,"column":null}},"58":{"start":{"line":124,"column":8},"end":{"line":124,"column":15}},"59":{"start":{"line":126,"column":4},"end":{"line":126,"column":11}},"60":{"start":{"line":109,"column":13},"end":{"line":109,"column":46}},"61":{"start":{"line":129,"column":43},"end":{"line":144,"column":null}},"62":{"start":{"line":133,"column":4},"end":{"line":135,"column":null}},"63":{"start":{"line":134,"column":8},"end":{"line":134,"column":15}},"64":{"start":{"line":136,"column":23},"end":{"line":136,"column":33}},"65":{"start":{"line":136,"column":38},"end":{"line":136,"column":39}},"66":{"start":{"line":137,"column":4},"end":{"line":139,"column":null}},"67":{"start":{"line":138,"column":8},"end":{"line":138,"column":15}},"68":{"start":{"line":140,"column":4},"end":{"line":142,"column":null}},"69":{"start":{"line":141,"column":8},"end":{"line":141,"column":15}},"70":{"start":{"line":143,"column":4},"end":{"line":143,"column":11}},"71":{"start":{"line":129,"column":13},"end":{"line":129,"column":40}},"72":{"start":{"line":146,"column":37},"end":{"line":156,"column":null}},"73":{"start":{"line":147,"column":32},"end":{"line":147,"column":43}},"74":{"start":{"line":147,"column":51},"end":{"line":147,"column":52}},"75":{"start":{"line":148,"column":37},"end":{"line":148,"column":63}},"76":{"start":{"line":149,"column":4},"end":{"line":151,"column":null}},"77":{"start":{"line":150,"column":8},"end":{"line":150,"column":15}},"78":{"start":{"line":152,"column":4},"end":{"line":154,"column":null}},"79":{"start":{"line":153,"column":8},"end":{"line":153,"column":15}},"80":{"start":{"line":155,"column":4},"end":{"line":155,"column":11}},"81":{"start":{"line":146,"column":13},"end":{"line":146,"column":34}},"82":{"start":{"line":158,"column":56},"end":{"line":167,"column":null}},"83":{"start":{"line":159,"column":25},"end":{"line":159,"column":49}},"84":{"start":{"line":160,"column":32},"end":{"line":160,"column":50}},"85":{"start":{"line":161,"column":24},"end":{"line":161,"column":null}},"86":{"start":{"line":163,"column":4},"end":{"line":165,"column":null}},"87":{"start":{"line":164,"column":8},"end":{"line":164,"column":15}},"88":{"start":{"line":166,"column":4},"end":{"line":166,"column":11}},"89":{"start":{"line":158,"column":13},"end":{"line":158,"column":53}}},"fnMap":{"0":{"name":"(anonymous_1)","decl":{"start":{"line":33,"column":0},"end":{"line":33,"column":12}},"loc":{"start":{"line":33,"column":36},"end":{"line":53,"column":null}}},"1":{"name":"isYesOrNoAnswered","decl":{"start":{"line":55,"column":13},"end":{"line":55,"column":30}},"loc":{"start":{"line":55,"column":54},"end":{"line":57,"column":null}}},"2":{"name":"validateNavn","decl":{"start":{"line":59,"column":13},"end":{"line":59,"column":25}},"loc":{"start":{"line":59,"column":81},"end":{"line":67,"column":null}}},"3":{"name":"validateFødselsnummer","decl":{"start":{"line":69,"column":13},"end":{"line":69,"column":34}},"loc":{"start":{"line":69,"column":90},"end":{"line":71,"column":null}}},"4":{"name":"validateFradato","decl":{"start":{"line":73,"column":13},"end":{"line":73,"column":28}},"loc":{"start":{"line":77,"column":39},"end":{"line":97,"column":null}}},"5":{"name":"validateTildato","decl":{"start":{"line":99,"column":13},"end":{"line":99,"column":28}},"loc":{"start":{"line":99,"column":117},"end":{"line":107,"column":null}}},"6":{"name":"validateUtenlandsoppholdIPerioden","decl":{"start":{"line":109,"column":13},"end":{"line":109,"column":46}},"loc":{"start":{"line":112,"column":39},"end":{"line":127,"column":null}}},"7":{"name":"(anonymous_8)","decl":{"start":{"line":116,"column":44},"end":{"line":116,"column":45}},"loc":{"start":{"line":116,"column":44},"end":{"line":116,"column":45}}},"8":{"name":"validateFerieuttakIPerioden","decl":{"start":{"line":129,"column":13},"end":{"line":129,"column":40}},"loc":{"start":{"line":132,"column":39},"end":{"line":144,"column":null}}},"9":{"name":"(anonymous_10)","decl":{"start":{"line":136,"column":38},"end":{"line":136,"column":39}},"loc":{"start":{"line":136,"column":38},"end":{"line":136,"column":39}}},"10":{"name":"validateLegeerklæring","decl":{"start":{"line":146,"column":13},"end":{"line":146,"column":34}},"loc":{"start":{"line":146,"column":102},"end":{"line":156,"column":null}}},"11":{"name":"(anonymous_12)","decl":{"start":{"line":147,"column":51},"end":{"line":147,"column":52}},"loc":{"start":{"line":147,"column":51},"end":{"line":147,"column":52}}},"12":{"name":"validateOmsorgstilbudEnkeltdagerIPeriode","decl":{"start":{"line":158,"column":13},"end":{"line":158,"column":53}},"loc":{"start":{"line":158,"column":115},"end":{"line":167,"column":null}}}},"branchMap":{"0":{"loc":{"start":{"line":33,"column":12},"end":{"line":33,"column":36}},"type":"binary-expr","locations":[{"start":{"line":33,"column":12},"end":{"line":33,"column":36}},{"start":{"line":33,"column":12},"end":{"line":33,"column":null}}]},"1":{"loc":{"start":{"line":56,"column":11},"end":{"line":56,"column":17}},"type":"binary-expr","locations":[{"start":{"line":56,"column":11},"end":{"line":56,"column":36}},{"start":{"line":56,"column":36},"end":{"line":56,"column":61}},{"start":{"line":56,"column":61},"end":{"line":56,"column":87}},{"start":{"line":56,"column":87},"end":{"line":56,"column":null}}]},"2":{"loc":{"start":{"line":61,"column":11},"end":{"line":66,"column":null}},"type":"cond-expr","locations":[{"start":{"line":62,"column":10},"end":{"line":62,"column":null}},{"start":{"line":66,"column":10},"end":{"line":66,"column":null}}]},"3":{"loc":{"start":{"line":79,"column":20},"end":{"line":81,"column":null}},"type":"cond-expr","locations":[{"start":{"line":80,"column":10},"end":{"line":80,"column":16}},{"start":{"line":81,"column":10},"end":{"line":81,"column":null}}]},"4":{"loc":{"start":{"line":89,"column":11},"end":{"line":96,"column":null}},"type":"cond-expr","locations":[{"start":{"line":90,"column":10},"end":{"line":90,"column":null}},{"start":{"line":96,"column":10},"end":{"line":96,"column":null}}]},"5":{"loc":{"start":{"line":92,"column":18},"end":{"line":94,"column":null}},"type":"cond-expr","locations":[{"start":{"line":92,"column":18},"end":{"line":92,"column":23}},{"start":{"line":94,"column":24},"end":{"line":94,"column":null}}]},"6":{"loc":{"start":{"line":92,"column":18},"end":{"line":92,"column":56}},"type":"binary-expr","locations":[{"start":{"line":92,"column":18},"end":{"line":92,"column":49}},{"start":{"line":92,"column":49},"end":{"line":92,"column":56}}]},"7":{"loc":{"start":{"line":103,"column":13},"end":{"line":103,"column":null}},"type":"cond-expr","locations":[{"start":{"line":103,"column":29},"end":{"line":103,"column":35}},{"start":{"line":103,"column":89},"end":{"line":103,"column":null}}]},"8":{"loc":{"start":{"line":113,"column":4},"end":{"line":115,"column":null}},"type":"if","locations":[{"start":{"line":113,"column":4},"end":{"line":115,"column":null}}]},"9":{"loc":{"start":{"line":117,"column":4},"end":{"line":119,"column":null}},"type":"if","locations":[{"start":{"line":117,"column":4},"end":{"line":119,"column":null}}]},"10":{"loc":{"start":{"line":120,"column":4},"end":{"line":122,"column":null}},"type":"if","locations":[{"start":{"line":120,"column":4},"end":{"line":122,"column":null}}]},"11":{"loc":{"start":{"line":123,"column":4},"end":{"line":125,"column":null}},"type":"if","locations":[{"start":{"line":123,"column":4},"end":{"line":125,"column":null}}]},"12":{"loc":{"start":{"line":133,"column":4},"end":{"line":135,"column":null}},"type":"if","locations":[{"start":{"line":133,"column":4},"end":{"line":135,"column":null}}]},"13":{"loc":{"start":{"line":137,"column":4},"end":{"line":139,"column":null}},"type":"if","locations":[{"start":{"line":137,"column":4},"end":{"line":139,"column":null}}]},"14":{"loc":{"start":{"line":140,"column":4},"end":{"line":142,"column":null}},"type":"if","locations":[{"start":{"line":140,"column":4},"end":{"line":142,"column":null}}]},"15":{"loc":{"start":{"line":149,"column":4},"end":{"line":151,"column":null}},"type":"if","locations":[{"start":{"line":149,"column":4},"end":{"line":151,"column":null}}]},"16":{"loc":{"start":{"line":152,"column":4},"end":{"line":154,"column":null}},"type":"if","locations":[{"start":{"line":152,"column":4},"end":{"line":154,"column":null}}]},"17":{"loc":{"start":{"line":163,"column":4},"end":{"line":165,"column":null}},"type":"if","locations":[{"start":{"line":163,"column":4},"end":{"line":165,"column":null}}]},"18":{"loc":{"start":{"line":163,"column":8},"end":{"line":163,"column":103}},"type":"binary-expr","locations":[{"start":{"line":163,"column":8},"end":{"line":163,"column":24}},{"start":{"line":163,"column":24},"end":{"line":163,"column":103}}]}},"s":{"0":9,"1":9,"2":9,"3":9,"4":9,"5":9,"6":9,"7":9,"8":9,"9":9,"10":9,"11":9,"12":9,"13":9,"14":9,"15":9,"16":9,"17":9,"18":9,"19":9,"20":9,"21":9,"22":9,"23":9,"24":9,"25":9,"26":9,"27":9,"28":9,"29":9,"30":33,"31":9,"32":9,"33":0,"34":0,"35":9,"36":9,"37":0,"38":9,"39":9,"40":0,"41":0,"42":0,"43":0,"44":9,"45":9,"46":0,"47":9,"48":9,"49":0,"50":0,"51":0,"52":0,"53":0,"54":0,"55":0,"56":0,"57":0,"58":0,"59":0,"60":9,"61":9,"62":0,"63":0,"64":0,"65":0,"66":0,"67":0,"68":0,"69":0,"70":0,"71":9,"72":9,"73":0,"74":0,"75":0,"76":0,"77":0,"78":0,"79":0,"80":0,"81":9,"82":9,"83":0,"84":0,"85":0,"86":0,"87":0,"88":0,"89":9},"f":{"0":9,"1":33,"2":0,"3":0,"4":0,"5":0,"6":0,"7":0,"8":0,"9":0,"10":0,"11":0,"12":0},"b":{"0":[9,9],"1":[33,32,12,3],"2":[0,0],"3":[0,0],"4":[0,0],"5":[0,0],"6":[0,0],"7":[0,0],"8":[0],"9":[0],"10":[0],"11":[0],"12":[0],"13":[0],"14":[0],"15":[0],"16":[0],"17":[0],"18":[0,0]}}
,"/Users/frodehansen/prosjekter/git/pleiepengesoknad/src/app/validation/stepValidations.ts": {"path":"/Users/frodehansen/prosjekter/git/pleiepengesoknad/src/app/validation/stepValidations.ts","statementMap":{"0":{"start":{"line":1,"column":0},"end":{"line":1,"column":null}},"1":{"start":{"line":2,"column":0},"end":{"line":2,"column":null}},"2":{"start":{"line":4,"column":0},"end":{"line":4,"column":null}},"3":{"start":{"line":6,"column":36},"end":{"line":6,"column":39}},"4":{"start":{"line":6,"column":36},"end":{"line":6,"column":null}},"5":{"start":{"line":6,"column":13},"end":{"line":6,"column":33}},"6":{"start":{"line":9,"column":47},"end":{"line":29,"column":null}},"7":{"start":{"line":16,"column":21},"end":{"line":10,"column":null}},"8":{"start":{"line":16,"column":21},"end":{"line":11,"column":null}},"9":{"start":{"line":16,"column":21},"end":{"line":12,"column":null}},"10":{"start":{"line":16,"column":21},"end":{"line":13,"column":null}},"11":{"start":{"line":16,"column":21},"end":{"line":14,"column":null}},"12":{"start":{"line":16,"column":21},"end":{"line":15,"column":null}},"13":{"start":{"line":17,"column":36},"end":{"line":21,"column":null}},"14":{"start":{"line":18,"column":8},"end":{"line":20,"column":22}},"15":{"start":{"line":19,"column":12},"end":{"line":19,"column":19}},"16":{"start":{"line":20,"column":15},"end":{"line":20,"column":22}},"17":{"start":{"line":22,"column":24},"end":{"line":22,"column":null}},"18":{"start":{"line":24,"column":4},"end":{"line":26,"column":null}},"19":{"start":{"line":25,"column":8},"end":{"line":25,"column":15}},"20":{"start":{"line":28,"column":4},"end":{"line":28,"column":11}},"21":{"start":{"line":9,"column":13},"end":{"line":9,"column":44}},"22":{"start":{"line":31,"column":48},"end":{"line":33,"column":null}},"23":{"start":{"line":31,"column":104},"end":{"line":31,"column":63}},"24":{"start":{"line":31,"column":104},"end":{"line":31,"column":103}},"25":{"start":{"line":32,"column":4},"end":{"line":32,"column":11}},"26":{"start":{"line":31,"column":13},"end":{"line":31,"column":45}},"27":{"start":{"line":35,"column":43},"end":{"line":35,"column":49}},"28":{"start":{"line":35,"column":13},"end":{"line":35,"column":40}},"29":{"start":{"line":37,"column":37},"end":{"line":37,"column":null}},"30":{"start":{"line":37,"column":37},"end":{"line":38,"column":null}},"31":{"start":{"line":37,"column":37},"end":{"line":39,"column":null}},"32":{"start":{"line":37,"column":13},"end":{"line":37,"column":34}},"33":{"start":{"line":44,"column":40},"end":{"line":44,"column":46}},"34":{"start":{"line":44,"column":13},"end":{"line":44,"column":37}}},"fnMap":{"0":{"name":"welcomingPageIsValid","decl":{"start":{"line":6,"column":13},"end":{"line":6,"column":33}},"loc":{"start":{"line":6,"column":36},"end":{"line":6,"column":39}}},"1":{"name":"opplysningerOmBarnetStepIsValid","decl":{"start":{"line":9,"column":13},"end":{"line":9,"column":44}},"loc":{"start":{"line":16,"column":21},"end":{"line":29,"column":null}}},"2":{"name":"fødselsnummerValidation","decl":{"start":{"line":17,"column":10},"end":{"line":17,"column":33}},"loc":{"start":{"line":17,"column":41},"end":{"line":21,"column":null}}},"3":{"name":"opplysningerOmTidsromStepIsValid","decl":{"start":{"line":31,"column":13},"end":{"line":31,"column":45}},"loc":{"start":{"line":31,"column":104},"end":{"line":33,"column":null}}},"4":{"name":"arbeidssituasjonStepIsValid","decl":{"start":{"line":35,"column":13},"end":{"line":35,"column":40}},"loc":{"start":{"line":35,"column":43},"end":{"line":35,"column":49}}},"5":{"name":"medlemskapStepIsValid","decl":{"start":{"line":37,"column":13},"end":{"line":37,"column":34}},"loc":{"start":{"line":37,"column":37},"end":{"line":37,"column":null}}},"6":{"name":"legeerklæringStepIsValid","decl":{"start":{"line":44,"column":13},"end":{"line":44,"column":37}},"loc":{"start":{"line":44,"column":40},"end":{"line":44,"column":46}}}},"branchMap":{"0":{"loc":{"start":{"line":18,"column":8},"end":{"line":20,"column":22}},"type":"if","locations":[{"start":{"line":18,"column":8},"end":{"line":20,"column":22}},{"start":{"line":20,"column":15},"end":{"line":20,"column":22}}]},"1":{"loc":{"start":{"line":18,"column":12},"end":{"line":18,"column":112}},"type":"binary-expr","locations":[{"start":{"line":18,"column":12},"end":{"line":18,"column":28}},{"start":{"line":18,"column":32},"end":{"line":18,"column":68}},{"start":{"line":18,"column":68},"end":{"line":18,"column":112}}]},"2":{"loc":{"start":{"line":22,"column":24},"end":{"line":22,"column":null}},"type":"binary-expr","locations":[{"start":{"line":22,"column":24},"end":{"line":22,"column":67}},{"start":{"line":22,"column":67},"end":{"line":22,"column":null}}]},"3":{"loc":{"start":{"line":24,"column":4},"end":{"line":26,"column":null}},"type":"if","locations":[{"start":{"line":24,"column":4},"end":{"line":26,"column":null}}]},"4":{"loc":{"start":{"line":24,"column":8},"end":{"line":24,"column":61}},"type":"binary-expr","locations":[{"start":{"line":24,"column":8},"end":{"line":24,"column":24}},{"start":{"line":24,"column":24},"end":{"line":24,"column":61}}]},"5":{"loc":{"start":{"line":32,"column":11},"end":{"line":32,"column":null}},"type":"binary-expr","locations":[{"start":{"line":32,"column":11},"end":{"line":32,"column":39}},{"start":{"line":32,"column":39},"end":{"line":32,"column":null}}]},"6":{"loc":{"start":{"line":41,"column":4},"end":{"line":41,"column":5}},"type":"binary-expr","locations":[{"start":{"line":41,"column":5},"end":{"line":41,"column":54}},{"start":{"line":41,"column":54},"end":{"line":41,"column":null}},{"start":{"line":42,"column":5},"end":{"line":42,"column":53}},{"start":{"line":42,"column":53},"end":{"line":42,"column":null}}]}},"s":{"0":4,"1":4,"2":4,"3":7,"4":3,"5":4,"6":4,"7":3,"8":3,"9":3,"10":3,"11":3,"12":3,"13":3,"14":2,"15":0,"16":2,"17":3,"18":3,"19":0,"20":3,"21":4,"22":4,"23":3,"24":3,"25":3,"26":4,"27":5,"28":4,"29":12,"30":8,"31":8,"32":4,"33":5,"34":4},"f":{"0":3,"1":3,"2":2,"3":3,"4":1,"5":8,"6":1},"b":{"0":[0,2],"1":[2,0,0],"2":[3,2],"3":[0],"4":[3,2],"5":[3,2],"6":[8,5,6,4]}}
}
