TN:
SF:src/app/api/api.ts
FN:12,getPersistUrl
FN:17,persist
FN:33,rehydrate
FN:38,purge
FN:41,getBarn
FN:42,getSøker
FN:43,getArbeidsgiver
FN:50,sendApplication
FN:53,uploadFile
FN:58,deleteFile
FNF:10
FNH:8
FNDA:2,getPersistUrl
FNDA:1,persist
FNDA:0,rehydrate
FNDA:0,purge
FNDA:1,getBarn
FNDA:1,getSøker
FNDA:1,getArbeidsgiver
FNDA:1,sendApplication
FNDA:1,uploadFile
FNDA:1,deleteFile
DA:1,1
DA:2,1
DA:3,1
DA:6,1
DA:9,1
DA:10,1
DA:12,3
DA:17,1
DA:18,1
DA:19,1
DA:20,0
DA:28,0
DA:30,1
DA:33,1
DA:38,1
DA:41,2
DA:42,2
DA:43,1
DA:44,1
DA:50,2
DA:53,1
DA:54,1
DA:55,1
DA:56,1
DA:58,2
LF:25
LH:23
BRDA:13,0,0,2
BRDA:13,0,1,0
BRDA:19,1,0,0
BRDA:19,1,1,1
BRF:4
BRH:2
end_of_record
TN:
SF:src/app/api/utils/apiUtils.ts
FN:9,sendMultipartPostRequest
FN:13,getApiUrlByResourceType
FNF:2
FNH:2
FNDA:1,sendMultipartPostRequest
FNDA:5,getApiUrlByResourceType
DA:1,1
DA:2,1
DA:4,1
DA:6,1
DA:7,1
DA:9,1
DA:10,1
DA:13,1
DA:14,5
DA:17,1
LF:10
LH:10
BRF:0
BRH:0
end_of_record
TN:
SF:src/app/config/axiosConfig.ts
FNF:0
FNH:0
DA:1,2
LF:1
LH:1
BRF:0
BRH:0
end_of_record
TN:
SF:src/app/config/minMaxValues.ts
FNF:0
FNH:0
DA:1,1
DA:2,1
LF:2
LH:2
BRF:0
BRH:0
end_of_record
TN:
SF:src/app/config/routeConfig.ts
FN:3,(anonymous_0)
FN:11,getRouteUrl
FNF:2
FNH:2
FNDA:3,(anonymous_0)
FNDA:3,getRouteUrl
DA:1,3
DA:3,3
DA:4,3
DA:5,3
DA:6,3
DA:7,3
DA:8,3
DA:11,3
DA:12,3
DA:13,3
DA:16,3
LF:11
LH:11
BRDA:3,0,0,3
BRDA:3,0,1,3
BRF:2
BRH:2
end_of_record
TN:
SF:src/app/søknad/søknadStepsConfig.ts
FN:6,(anonymous_0)
FN:37,getStepConfigItemTextKeys
FN:52,getSøknadStepConfig
FN:70,(anonymous_3)
FN:72,getNextStep
FN:73,(anonymous_5)
FN:77,getPreviousStep
FN:78,(anonymous_7)
FN:84,(anonymous_8)
FN:107,getBackLinkFromNotIncludedStep
FNF:10
FNH:1
FNDA:2,(anonymous_0)
FNDA:0,getStepConfigItemTextKeys
FNDA:0,getSøknadStepConfig
FNDA:0,(anonymous_3)
FNDA:0,getNextStep
FNDA:0,(anonymous_5)
FNDA:0,getPreviousStep
FNDA:0,(anonymous_7)
FNDA:0,(anonymous_8)
FNDA:0,getBackLinkFromNotIncludedStep
DA:2,2
DA:3,2
DA:4,2
DA:6,2
DA:7,2
DA:8,2
DA:9,2
DA:10,2
DA:11,2
DA:12,2
DA:13,2
DA:14,2
DA:15,2
DA:37,2
DA:38,0
DA:52,2
DA:53,0
DA:54,0
DA:56,0
DA:58,0
DA:70,0
DA:72,0
DA:73,0
DA:74,0
DA:77,0
DA:78,0
DA:79,0
DA:82,0
DA:83,0
DA:84,0
DA:85,0
DA:86,0
DA:88,0
DA:89,0
DA:91,0
DA:94,0
DA:102,0
DA:104,0
DA:107,2
DA:108,0
DA:109,0
DA:111,0
DA:112,0
DA:114,0
LF:44
LH:16
BRDA:6,0,0,2
BRDA:6,0,1,2
BRDA:42,1,0,0
BRDA:42,1,1,0
BRDA:43,2,0,0
BRDA:43,2,1,0
BRDA:54,3,0,0
BRDA:54,3,1,0
BRDA:56,4,0,0
BRDA:56,4,1,0
BRDA:56,5,0,0
BRDA:56,5,1,0
BRDA:74,6,0,0
BRDA:74,6,1,0
BRDA:74,7,0,0
BRDA:74,7,1,0
BRDA:79,8,0,0
BRDA:79,8,1,0
BRDA:89,9,0,0
BRDA:89,9,1,0
BRDA:102,10,0,0
BRDA:102,10,1,0
BRDA:108,11,0,0
BRDA:111,12,0,0
BRF:24
BRH:2
end_of_record
TN:
SF:src/app/søknad/arbeidssituasjon-step/utils/arbeidsgivereUtils.ts
FN:7,erOrganisasjonElerPrivatArbeidsgiver
FN:10,erFrilansoppdrag
FN:22,syncAnsattArbeidsforhold
FN:27,(anonymous_4)
FN:28,(anonymous_5)
FN:50,oppdaterSøknadMedArbeidsgivere
FNF:6
FNH:3
FNDA:0,erOrganisasjonElerPrivatArbeidsgiver
FNDA:0,erFrilansoppdrag
FNDA:3,syncAnsattArbeidsforhold
FNDA:6,(anonymous_4)
FNDA:10,(anonymous_5)
FNDA:0,oppdaterSøknadMedArbeidsgivere
DA:2,1
DA:4,1
DA:5,1
DA:7,1
DA:10,1
DA:22,1
DA:25,3
DA:26,3
DA:27,3
DA:28,10
DA:29,6
DA:30,0
DA:35,6
DA:40,3
DA:50,1
DA:53,0
DA:54,0
DA:58,0
DA:60,0
DA:61,0
LF:20
LH:14
BRDA:8,0,0,0
BRDA:8,0,1,0
BRDA:25,1,0,3
BRDA:25,1,1,0
BRDA:25,2,0,3
BRDA:25,2,1,3
BRDA:29,3,0,0
BRF:7
BRH:3
end_of_record
TN:
SF:src/app/søknad/arbeidssituasjon-step/utils/cleanupArbeidssituasjonStep.ts
FN:10,cleanupNormalarbeidstid
FN:26,cleanupAnsattArbeidsforhold
FN:51,cleanupFrilansArbeidssituasjon
FN:88,cleanupArbeidssituasjonStep
FNF:4
FNH:3
FNDA:8,cleanupNormalarbeidstid
FNDA:5,cleanupAnsattArbeidsforhold
FNDA:7,cleanupFrilansArbeidssituasjon
FNDA:0,cleanupArbeidssituasjonStep
DA:1,2
DA:7,2
DA:8,2
DA:10,2
DA:14,8
DA:15,8
DA:26,2
DA:27,5
DA:29,5
DA:30,4
DA:32,5
DA:36,1
DA:37,1
DA:39,5
DA:43,2
DA:45,5
DA:46,4
DA:48,5
DA:51,2
DA:56,7
DA:57,7
DA:58,3
DA:61,7
DA:62,3
DA:63,3
DA:64,1
DA:67,4
DA:69,1
DA:70,1
DA:71,1
DA:72,1
DA:74,4
DA:76,3
DA:77,1
DA:81,7
DA:82,4
DA:85,7
DA:88,2
DA:93,0
DA:95,0
DA:97,0
DA:99,0
DA:100,0
DA:101,0
DA:104,0
DA:105,0
DA:108,0
DA:109,0
DA:112,0
LF:49
LH:38
BRDA:15,0,0,3
BRDA:15,0,1,5
BRDA:29,1,0,4
BRDA:32,2,0,1
BRDA:33,3,0,5
BRDA:33,3,1,1
BRDA:39,4,0,2
BRDA:40,5,0,5
BRDA:40,5,1,4
BRDA:45,6,0,4
BRDA:57,7,0,3
BRDA:61,8,0,3
BRDA:61,8,1,4
BRDA:63,9,0,1
BRDA:67,10,0,1
BRDA:74,11,0,3
BRDA:76,12,0,1
BRDA:81,13,0,4
BRDA:81,14,0,7
BRDA:81,14,1,4
BRDA:99,15,0,0
BRDA:104,16,0,0
BRDA:108,17,0,0
BRF:23
BRH:20
end_of_record
TN:
SF:src/app/søknad/arbeidssituasjon-step/utils/visVernepliktSpørsmål.ts
FN:6,visVernepliktSpørsmål
FN:37,(anonymous_1)
FN:40,(anonymous_2)
FN:45,(anonymous_3)
FNF:4
FNH:4
FNDA:10,visVernepliktSpørsmål
FNDA:5,(anonymous_1)
FNDA:5,(anonymous_2)
FNDA:4,(anonymous_3)
DA:1,3
DA:4,3
DA:6,3
DA:14,10
DA:15,10
DA:18,10
DA:22,3
DA:25,7
DA:29,1
DA:31,6
DA:32,0
DA:36,6
DA:37,5
DA:38,0
DA:40,5
DA:41,1
DA:43,4
DA:45,4
DA:49,1
LF:19
LH:17
BRDA:15,0,0,10
BRDA:15,0,1,0
BRDA:18,1,0,3
BRDA:19,2,0,10
BRDA:19,2,1,8
BRDA:25,3,0,1
BRDA:26,4,0,7
BRDA:26,4,1,7
BRDA:26,5,0,0
BRDA:26,5,1,7
BRDA:26,6,0,7
BRDA:26,6,1,7
BRDA:27,7,0,0
BRDA:27,7,1,7
BRDA:27,8,0,7
BRDA:27,8,1,7
BRDA:31,9,0,0
BRDA:36,10,0,5
BRDA:37,11,0,0
BRDA:40,12,0,1
BRDA:45,13,0,4
BRDA:45,13,1,4
BRF:22
BRH:17
end_of_record
TN:
SF:src/app/søknad/arbeidstid-step/shared/utils/durationWeekdaysUtils.ts
FN:27,getPercentageOfDurationWeekdays
FN:35,durationWeekdaysFromHoursPerWeek
FNF:2
FNH:2
FNDA:1,getPercentageOfDurationWeekdays
FNDA:1,durationWeekdaysFromHoursPerWeek
DA:1,4
DA:27,5
DA:35,4
DA:36,1
DA:37,1
LF:5
LH:5
BRDA:28,0,0,1
BRDA:28,0,1,0
BRDA:29,1,0,1
BRDA:29,1,1,0
BRDA:30,2,0,0
BRDA:30,2,1,1
BRDA:31,3,0,0
BRDA:31,3,1,1
BRDA:32,4,0,0
BRDA:32,4,1,1
BRF:10
BRH:5
end_of_record
TN:
SF:src/app/søknad/arbeidstid-step/utils/cleanupArbeidstidStep.ts
FN:17,cleanupArbeidIPeriode
FN:46,cleanupArbeidstidAnsatt
FN:50,(anonymous_2)
FN:58,cleanupArbeidstidFrilans
FN:75,cleanupArbeidstidSelvstendigNæringdrivende
FN:99,cleanupArbeidstidStep
FNF:6
FNH:1
FNDA:6,cleanupArbeidIPeriode
FNDA:0,cleanupArbeidstidAnsatt
FNDA:0,(anonymous_2)
FNDA:0,cleanupArbeidstidFrilans
FNDA:0,cleanupArbeidstidSelvstendigNæringdrivende
FNDA:0,cleanupArbeidstidStep
DA:1,2
DA:4,2
DA:5,2
DA:14,2
DA:15,2
DA:17,2
DA:21,6
DA:25,6
DA:26,2
DA:29,4
DA:31,4
DA:32,4
DA:33,4
DA:34,4
DA:39,0
DA:46,2
DA:50,0
DA:58,2
DA:62,0
DA:63,0
DA:65,0
DA:66,0
DA:75,2
DA:80,0
DA:81,0
DA:83,0
DA:87,0
DA:99,2
DA:100,0
DA:102,0
DA:103,0
DA:104,0
DA:110,0
LF:33
LH:18
BRDA:25,0,0,2
BRDA:31,1,0,4
BRDA:34,2,0,2
BRDA:34,2,1,2
BRDA:42,3,0,0
BRDA:42,3,1,0
BRDA:52,4,0,0
BRDA:52,4,1,0
BRDA:62,5,0,0
BRDA:69,6,0,0
BRDA:69,6,1,0
BRDA:69,7,0,0
BRDA:69,7,1,0
BRDA:69,8,0,0
BRDA:69,8,1,0
BRDA:69,9,0,0
BRDA:69,9,1,0
BRDA:70,10,0,0
BRDA:70,10,1,0
BRDA:70,11,0,0
BRDA:70,11,1,0
BRDA:80,12,0,0
BRDA:90,13,0,0
BRDA:90,13,1,0
BRDA:90,14,0,0
BRDA:90,14,1,0
BRDA:90,15,0,0
BRDA:90,15,1,0
BRDA:90,16,0,0
BRDA:90,16,1,0
BRDA:92,17,0,0
BRDA:92,17,1,0
BRDA:92,18,0,0
BRDA:92,18,1,0
BRF:34
BRH:4
end_of_record
TN:
SF:src/app/søknad/omsorgstilbud-step/omsorgstilbudStepUtils.ts
FN:13,skalViseSpørsmålOmProsentEllerLiktHverUke
FN:21,cleanupOmsorgstilbudStep
FNF:2
FNH:2
FNDA:2,skalViseSpørsmålOmProsentEllerLiktHverUke
FNDA:2,cleanupOmsorgstilbudStep
DA:1,1
DA:3,1
DA:4,1
DA:6,1
DA:7,1
DA:9,1
DA:11,1
DA:13,1
DA:14,2
DA:15,2
DA:16,2
DA:18,0
DA:21,1
DA:22,2
DA:23,2
DA:24,2
DA:25,1
DA:26,0
DA:27,0
DA:28,0
DA:30,1
DA:31,1
DA:33,1
DA:34,0
DA:36,1
DA:37,1
DA:38,1
DA:45,2
DA:46,1
DA:47,1
DA:48,1
DA:49,1
DA:52,2
LF:33
LH:28
BRDA:15,0,0,2
BRDA:24,1,0,1
BRDA:25,2,0,0
BRDA:25,2,1,1
BRDA:25,3,0,0
BRDA:25,3,1,1
BRDA:25,4,0,1
BRDA:25,4,1,1
BRDA:30,5,0,1
BRDA:33,6,0,0
BRDA:36,7,0,1
BRDA:36,8,0,1
BRDA:36,8,1,1
BRDA:39,9,0,1
BRDA:39,9,1,0
BRDA:45,10,0,1
BRF:16
BRH:12
end_of_record
TN:
SF:src/app/søknad/søknadsdata/extractArbeidIPeriodeSøknadsdata.ts
FN:8,extractArbeidIPeriodeSøknadsdata
FNF:1
FNH:1
FNDA:7,extractArbeidIPeriodeSøknadsdata
DA:1,3
DA:2,3
DA:3,3
DA:6,3
DA:8,3
DA:19,7
DA:20,7
DA:21,7
DA:22,2
DA:27,5
DA:28,5
DA:30,3
DA:32,3
DA:33,1
DA:41,2
DA:42,1
DA:49,1
DA:51,2
DA:52,1
DA:59,1
LF:20
LH:20
BRDA:21,0,0,2
BRDA:28,1,0,3
BRDA:28,1,1,2
BRDA:30,2,0,2
BRDA:30,2,1,1
BRDA:32,3,0,1
BRDA:32,4,0,3
BRDA:32,4,1,2
BRDA:41,5,0,1
BRDA:41,6,0,2
BRDA:41,6,1,1
BRDA:51,7,0,1
BRF:12
BRH:12
end_of_record
TN:
SF:src/app/søknad/søknadsdata/extractArbeidSelvstendigSøknadsdata.ts
FN:7,extractArbeidSelvstendigSøknadsdata
FNF:1
FNH:1
FNDA:5,extractArbeidSelvstendigSøknadsdata
DA:2,1
DA:5,1
DA:7,1
DA:11,5
DA:12,1
DA:14,4
DA:18,4
DA:20,4
DA:21,2
DA:24,2
LF:10
LH:10
BRDA:11,0,0,1
BRDA:14,1,0,4
BRDA:14,1,1,0
BRDA:20,2,0,2
BRDA:20,3,0,4
BRDA:20,3,1,2
BRDA:20,3,2,2
BRF:7
BRH:6
end_of_record
TN:
SF:src/app/søknad/søknadsdata/extractArbeidsforholdSøknadsdata.ts
FN:8,extractArbeidsforholdSøknadsdata
FNF:1
FNH:1
FNDA:4,extractArbeidsforholdSøknadsdata
DA:1,2
DA:4,2
DA:5,2
DA:6,2
DA:8,2
DA:12,4
DA:16,4
DA:18,4
DA:19,2
DA:20,1
DA:23,1
DA:29,1
DA:30,1
DA:36,2
LF:14
LH:14
BRDA:12,0,0,3
BRDA:12,0,1,1
BRDA:18,1,0,2
BRDA:18,2,0,4
BRDA:18,2,1,3
BRDA:19,3,0,1
BRDA:20,4,0,1
BRDA:20,4,1,0
BRDA:29,5,0,1
BRF:9
BRH:8
end_of_record
TN:
SF:src/app/søknad/søknadsdata/extractNormalarbeidstidSøknadsdata.ts
FN:8,extractNormalarbeidstid
FNF:1
FNH:1
FNDA:9,extractNormalarbeidstid
DA:1,3
DA:2,3
DA:5,3
DA:6,3
DA:8,3
DA:11,9
DA:12,3
DA:14,6
DA:15,6
DA:16,4
DA:17,4
DA:24,2
DA:25,2
DA:26,1
DA:32,1
LF:15
LH:15
BRDA:11,0,0,3
BRDA:11,1,0,9
BRDA:11,1,1,7
BRDA:15,2,0,4
BRDA:16,3,0,4
BRDA:25,4,0,1
BRDA:25,5,0,2
BRDA:25,5,1,2
BRF:8
BRH:8
end_of_record
TN:
SF:src/app/types/AndreYtelserFraNavn.ts
FN:1,(anonymous_0)
FNF:1
FNH:1
FNDA:10,(anonymous_0)
DA:1,10
DA:2,10
DA:3,10
DA:4,10
DA:5,10
DA:6,10
DA:7,10
LF:7
LH:7
BRDA:1,0,0,10
BRDA:1,0,1,10
BRF:2
BRH:2
end_of_record
TN:
SF:src/app/types/Arbeidsgiver.ts
FN:1,(anonymous_0)
FNF:1
FNH:1
FNDA:12,(anonymous_0)
DA:1,12
DA:2,12
DA:3,12
DA:4,12
LF:4
LH:4
BRDA:1,0,0,12
BRDA:1,0,1,12
BRF:2
BRH:2
end_of_record
TN:
SF:src/app/types/BarnRelasjon.ts
FN:1,(anonymous_0)
FNF:1
FNH:1
FNDA:10,(anonymous_0)
DA:1,10
DA:2,10
DA:3,10
DA:4,10
DA:5,10
DA:6,10
LF:6
LH:6
BRDA:1,0,0,10
BRDA:1,0,1,10
BRF:2
BRH:2
end_of_record
TN:
SF:src/app/types/ResourceType.ts
FN:1,(anonymous_0)
FNF:1
FNH:1
FNDA:12,(anonymous_0)
DA:1,12
DA:2,12
DA:3,12
DA:4,12
DA:5,12
DA:6,12
DA:7,12
DA:8,12
LF:8
LH:8
BRDA:1,0,0,12
BRDA:1,0,1,12
BRF:2
BRH:2
end_of_record
TN:
SF:src/app/types/SøknadFormData.ts
FN:12,(anonymous_1)
FNF:1
FNH:1
FNDA:4,(anonymous_1)
DA:2,4
DA:12,4
DA:13,4
DA:14,4
DA:15,4
DA:16,4
DA:17,4
DA:18,4
DA:19,4
DA:20,4
DA:21,4
DA:22,4
DA:23,4
DA:24,4
DA:25,4
DA:26,4
DA:27,4
DA:28,4
DA:29,4
DA:30,4
DA:31,4
DA:32,4
DA:33,4
DA:34,4
DA:35,4
DA:36,4
DA:37,4
DA:38,4
DA:39,4
DA:40,4
DA:41,4
DA:42,4
DA:43,4
DA:44,4
DA:45,4
DA:46,4
DA:47,4
DA:48,4
DA:49,4
DA:50,4
DA:51,4
DA:52,4
DA:53,4
DA:54,4
DA:55,4
DA:106,4
LF:46
LH:46
BRDA:12,0,0,4
BRDA:12,0,1,4
BRF:2
BRH:2
end_of_record
TN:
SF:src/app/types/SøknadTempStorageData.ts
FNF:0
FNH:0
DA:4,1
LF:1
LH:1
BRF:0
BRH:0
end_of_record
TN:
SF:src/app/types/TimerEllerProsent.ts
FN:1,(anonymous_0)
FNF:1
FNH:1
FNDA:10,(anonymous_0)
DA:1,10
DA:2,10
DA:3,10
LF:3
LH:3
BRDA:1,0,0,10
BRDA:1,0,1,10
BRF:2
BRH:2
end_of_record
TN:
SF:src/app/types/index.ts
FNF:0
FNH:0
DA:1,10
DA:2,10
DA:3,10
DA:4,10
DA:5,10
DA:6,10
DA:7,10
DA:8,10
DA:9,10
DA:10,10
LF:10
LH:10
BRF:0
BRH:0
end_of_record
TN:
SF:src/app/types/ÅrsakManglerIdentitetsnummer.ts
FN:1,(anonymous_0)
FNF:1
FNH:1
FNDA:10,(anonymous_0)
DA:1,10
DA:2,10
DA:3,10
DA:4,10
LF:4
LH:4
BRDA:1,0,0,10
BRDA:1,0,1,10
BRF:2
BRH:2
end_of_record
TN:
SF:src/app/utils/ansattUtils.ts
FN:4,erAnsattHosArbeidsgiverISøknadsperiode
FN:11,harFraværIArbeidsforhold
FN:17,erAnsattISøknadsperiode
FN:21,harFraværFraArbeidsforholdIPeriode
FNF:4
FNH:0
FNDA:0,erAnsattHosArbeidsgiverISøknadsperiode
FNDA:0,harFraværIArbeidsforhold
FNDA:0,erAnsattISøknadsperiode
FNDA:0,harFraværFraArbeidsforholdIPeriode
DA:1,4
DA:4,4
DA:5,0
DA:11,4
DA:14,0
DA:17,4
DA:18,0
DA:21,4
DA:22,0
LF:9
LH:5
BRDA:6,0,0,0
BRDA:6,0,1,0
BRDA:6,0,2,0
BRDA:14,1,0,0
BRDA:14,1,1,0
BRF:5
BRH:0
end_of_record
TN:
SF:src/app/utils/appSentryLogger.ts
FNF:0
FNH:0
DA:1,5
DA:3,5
DA:5,5
LF:3
LH:3
BRF:0
BRH:0
end_of_record
TN:
SF:src/app/utils/envUtils.ts
FN:1,getEnvironmentVariable
FNF:1
FNH:0
FNDA:0,getEnvironmentVariable
DA:1,2
LF:1
LH:1
BRF:0
BRH:0
end_of_record
TN:
SF:src/app/utils/featureToggleUtils.ts
FN:1,(anonymous_0)
FN:9,isFeatureEnabled
FNF:2
FNH:2
FNDA:1,(anonymous_0)
FNDA:5,isFeatureEnabled
DA:1,1
DA:2,1
DA:3,1
DA:4,1
DA:5,1
DA:6,1
DA:9,1
DA:10,5
DA:11,5
LF:9
LH:9
BRDA:1,0,0,1
BRDA:1,0,1,1
BRDA:11,1,0,5
BRDA:11,1,1,4
BRF:4
BRH:4
end_of_record
TN:
SF:src/app/utils/formDataUtils.ts
FN:6,getSøknadsperiodeFromFormData
FN:21,søkerKunHelgedager
FNF:2
FNH:0
FNDA:0,getSøknadsperiodeFromFormData
FNDA:0,søkerKunHelgedager
DA:2,2
DA:3,2
DA:6,2
DA:9,0
DA:10,0
DA:11,0
DA:12,0
DA:13,0
DA:18,0
DA:21,2
DA:22,0
DA:23,0
DA:24,0
DA:26,0
DA:27,0
DA:28,0
DA:29,0
DA:31,0
DA:34,0
LF:19
LH:4
BRDA:12,0,0,0
BRDA:12,1,0,0
BRDA:12,1,1,0
BRDA:22,2,0,0
BRDA:22,3,0,0
BRDA:22,3,1,0
BRDA:26,4,0,0
BRDA:26,4,1,0
BRDA:26,5,0,0
BRDA:26,5,1,0
BRDA:26,5,2,0
BRDA:28,6,0,0
BRDA:28,6,1,0
BRDA:28,7,0,0
BRDA:28,7,1,0
BRF:15
BRH:0
end_of_record
TN:
SF:src/app/utils/frilanserUtils.ts
FN:8,harFrilansoppdrag
FN:11,harSvartErFrilanserEllerHarFrilansoppdrag
FN:18,erFrilanserITidsrom
FN:28,erFrilanserISøknadsperiode
FN:57,getPeriodeSomFrilanserInnenforPeriode
FNF:5
FNH:4
FNDA:17,harFrilansoppdrag
FNDA:10,harSvartErFrilanserEllerHarFrilansoppdrag
FNDA:14,erFrilanserITidsrom
FNDA:9,erFrilanserISøknadsperiode
FNDA:0,getPeriodeSomFrilanserInnenforPeriode
DA:1,9
DA:3,9
DA:4,9
DA:8,26
DA:11,9
DA:15,10
DA:18,9
DA:19,14
DA:20,1
DA:22,13
DA:23,3
DA:25,10
DA:28,9
DA:32,9
DA:33,9
DA:34,2
DA:36,7
DA:37,7
DA:39,7
DA:40,5
DA:42,2
DA:57,9
DA:60,0
DA:61,0
DA:62,0
DA:64,0
DA:65,0
DA:66,0
DA:68,0
DA:69,0
DA:70,0
DA:72,0
DA:73,0
DA:74,0
DA:77,0
DA:78,0
DA:81,0
DA:82,0
DA:86,0
LF:39
LH:22
BRDA:9,0,0,17
BRDA:9,0,1,17
BRDA:15,1,0,10
BRDA:15,1,1,6
BRDA:19,2,0,1
BRDA:22,3,0,3
BRDA:22,4,0,13
BRDA:22,4,1,9
BRDA:33,5,0,2
BRDA:39,6,0,5
BRDA:39,7,0,7
BRDA:39,7,1,7
BRDA:64,8,0,0
BRDA:68,9,0,0
BRDA:68,10,0,0
BRDA:68,10,1,0
BRDA:72,11,0,0
BRDA:72,12,0,0
BRDA:72,12,1,0
BRDA:77,13,0,0
BRDA:82,14,0,0
BRDA:82,14,1,0
BRF:22
BRH:12
end_of_record
TN:
SF:src/app/utils/kvitteringUtils.ts
FN:9,getKvitteringInfoFromApiData
FN:14,(anonymous_1)
FNF:2
FNH:2
FNDA:3,getKvitteringInfoFromApiData
FNDA:5,(anonymous_1)
DA:1,1
DA:2,1
DA:9,1
DA:12,3
DA:13,3
DA:14,5
DA:16,3
DA:17,1
DA:18,1
DA:25,2
LF:10
LH:10
BRDA:13,0,0,0
BRDA:13,0,1,3
BRDA:13,1,0,3
BRDA:13,1,1,3
BRDA:13,2,0,3
BRDA:13,2,1,0
BRDA:14,3,0,5
BRDA:14,3,1,5
BRDA:16,4,0,1
BRF:9
BRH:7
end_of_record
TN:
SF:src/app/utils/navigationUtils.ts
FN:7,userIsCurrentlyOnErrorPage
FN:12,relocateTo
FN:17,navigateTo
FN:18,navigateToSoknadStep
FN:20,relocateToLoginPage
FN:21,relocateToNavFrontpage
FN:22,relocateToSoknad
FN:23,relocateToDinePleiepenger
FN:25,navigateToSoknadFrontpage
FN:27,navigateToErrorPage
FN:28,navigateToKvitteringPage
FNF:11
FNH:3
FNDA:3,userIsCurrentlyOnErrorPage
FNDA:0,relocateTo
FNDA:2,navigateTo
FNDA:0,navigateToSoknadStep
FNDA:0,relocateToLoginPage
FNDA:0,relocateToNavFrontpage
FNDA:0,relocateToSoknad
FNDA:0,relocateToDinePleiepenger
FNDA:0,navigateToSoknadFrontpage
FNDA:1,navigateToErrorPage
FNDA:0,navigateToKvitteringPage
DA:2,1
DA:3,1
DA:5,1
DA:7,1
DA:8,3
DA:12,1
DA:13,0
DA:17,3
DA:18,1
DA:20,1
DA:21,1
DA:22,1
DA:23,1
DA:25,1
DA:27,2
DA:28,1
LF:16
LH:15
BRF:0
BRH:0
end_of_record
TN:
SF:src/app/utils/routeUtils.ts
FN:16,getSøknadRoute
FN:23,getNextStepRoute
FN:30,isAvailable
FNF:3
FNH:2
FNDA:2,getSøknadRoute
FNDA:0,getNextStepRoute
FNDA:8,isAvailable
DA:1,2
DA:2,2
DA:4,2
DA:16,2
DA:17,2
DA:18,2
DA:20,0
DA:23,2
DA:24,0
DA:25,0
DA:30,2
DA:31,8
DA:33,1
DA:35,1
DA:37,1
DA:39,0
DA:41,0
DA:43,0
DA:45,1
DA:47,1
DA:49,1
DA:51,2
DA:53,0
LF:23
LH:16
BRDA:17,0,0,2
BRDA:25,1,0,0
BRDA:25,1,1,0
BRDA:25,2,0,0
BRDA:25,2,1,0
BRDA:31,3,0,1
BRDA:31,3,1,1
BRDA:31,3,2,1
BRDA:31,3,3,0
BRDA:31,3,4,0
BRDA:31,3,5,0
BRDA:31,3,6,1
BRDA:31,3,7,1
BRDA:31,3,8,1
BRDA:31,3,9,2
BRF:15
BRH:8
end_of_record
TN:
SF:src/app/utils/selvstendigUtils.ts
FN:17,getPeriodeSomSelvstendigInnenforPeriode
FNF:1
FNH:0
FNDA:0,getPeriodeSomSelvstendigInnenforPeriode
DA:3,2
DA:17,2
DA:21,0
DA:22,0
DA:24,0
LF:5
LH:2
BRDA:21,0,0,0
BRDA:21,1,0,0
BRDA:21,1,1,0
BRF:3
BRH:0
end_of_record
TN:
SF:src/app/utils/sprakUtils.ts
FN:4,getValidSpråk
FNF:1
FNH:1
FNDA:8,getValidSpråk
DA:2,1
DA:4,1
DA:5,8
DA:6,8
DA:7,8
DA:9,0
DA:11,8
DA:14,0
DA:15,0
LF:9
LH:6
BRDA:5,0,0,8
BRDA:5,0,1,0
BRDA:7,1,0,0
BRDA:7,1,1,8
BRF:4
BRH:2
end_of_record
TN:
SF:src/app/utils/stepUtils.ts
FN:18,getStepTexts
FN:29,opplysningerOmBarnetStepAvailable
FN:31,opplysningerOmTidsromStepAvailable
FN:34,arbeidssituasjonStepAvailable
FN:39,arbeidIPeriodeStepIsAvailable
FN:45,omsorgstilbudStepAvailable
FN:51,nattevåkOgBeredskapStepAvailable
FN:58,medlemskapStepAvailable
FN:64,legeerklæringStepAvailable
FN:71,oppsummeringStepAvailable
FN:79,skalBrukerSvarePåBeredskapOgNattevåk
FN:87,skalBrukerSvareArbeidstid
FNF:12
FNH:7
FNDA:0,getStepTexts
FNDA:1,opplysningerOmBarnetStepAvailable
FNDA:1,opplysningerOmTidsromStepAvailable
FNDA:1,arbeidssituasjonStepAvailable
FNDA:0,arbeidIPeriodeStepIsAvailable
FNDA:0,omsorgstilbudStepAvailable
FNDA:0,nattevåkOgBeredskapStepAvailable
FNDA:1,medlemskapStepAvailable
FNDA:1,legeerklæringStepAvailable
FNDA:1,oppsummeringStepAvailable
FNDA:14,skalBrukerSvarePåBeredskapOgNattevåk
FNDA:0,skalBrukerSvareArbeidstid
DA:2,4
DA:3,4
DA:7,4
DA:15,4
DA:16,4
DA:18,4
DA:19,0
DA:20,0
DA:29,5
DA:31,5
DA:34,5
DA:39,4
DA:45,4
DA:51,4
DA:58,5
DA:64,5
DA:71,5
DA:79,4
DA:80,14
DA:87,4
DA:92,0
DA:93,0
DA:96,0
DA:100,0
DA:104,0
DA:107,0
LF:26
LH:18
BRDA:24,0,0,0
BRDA:24,0,1,0
BRDA:25,1,0,0
BRDA:25,1,1,0
BRDA:32,2,0,1
BRDA:32,2,1,1
BRDA:35,3,0,1
BRDA:35,3,1,1
BRDA:35,3,2,1
BRDA:40,4,0,0
BRDA:40,4,1,0
BRDA:40,4,2,0
BRDA:40,4,3,0
BRDA:46,5,0,0
BRDA:46,5,1,0
BRDA:46,5,2,0
BRDA:46,5,3,0
BRDA:52,6,0,0
BRDA:52,6,1,0
BRDA:52,6,2,0
BRDA:52,6,3,0
BRDA:52,6,4,0
BRDA:59,7,0,1
BRDA:59,7,1,1
BRDA:59,7,2,1
BRDA:59,7,3,1
BRDA:65,8,0,1
BRDA:65,8,1,1
BRDA:65,8,2,1
BRDA:65,8,3,1
BRDA:65,8,4,1
BRDA:72,9,0,1
BRDA:72,9,1,1
BRDA:72,9,2,1
BRDA:72,9,3,1
BRDA:72,9,4,1
BRDA:72,9,5,1
BRDA:81,10,0,14
BRDA:81,10,1,14
BRDA:81,10,2,4
BRDA:92,11,0,0
BRDA:96,12,0,0
BRDA:96,12,1,0
BRDA:100,13,0,0
BRDA:100,13,1,0
BRDA:104,14,0,0
BRDA:104,14,1,0
BRDA:107,15,0,0
BRDA:107,15,1,0
BRDA:107,15,2,0
BRF:50
BRH:23
end_of_record
TN:
SF:src/app/utils/formToApiMaps/getArbeidsgivereISøknadsperiodenApiData.ts
FN:10,getArbeidsgivereISøknadsperiodenApiData
FN:15,(anonymous_2)
FNF:2
FNH:1
FNDA:8,getArbeidsgivereISøknadsperiodenApiData
FNDA:0,(anonymous_2)
DA:1,1
DA:2,1
DA:6,1
DA:7,1
DA:8,1
DA:10,1
DA:14,8
DA:15,8
DA:16,0
DA:18,0
DA:26,0
DA:27,0
DA:28,0
DA:29,0
DA:36,0
DA:39,0
DA:40,0
DA:41,0
DA:46,0
DA:54,8
LF:20
LH:9
BRDA:23,0,0,0
BRDA:23,0,1,0
BRDA:24,1,0,0
BRDA:24,1,1,0
BRDA:26,2,0,0
BRDA:26,2,1,0
BRDA:28,3,0,0
BRDA:28,3,1,0
BRDA:32,4,0,0
BRDA:32,4,1,0
BRDA:39,5,0,0
BRDA:40,6,0,0
BRF:12
BRH:0
end_of_record
TN:
SF:src/app/utils/formToApiMaps/getAttachmentsApiData.ts
FN:4,getAttachmentsApiData
FN:7,(anonymous_1)
FN:8,(anonymous_2)
FNF:3
FNH:3
FNDA:11,getAttachmentsApiData
FNDA:22,(anonymous_1)
FNDA:12,(anonymous_2)
DA:2,2
DA:4,2
DA:5,11
DA:6,11
DA:7,22
DA:9,12
DA:10,11
DA:13,11
LF:8
LH:8
BRDA:9,0,0,11
BRF:1
BRH:1
end_of_record
TN:
SF:src/app/utils/formToApiMaps/getBarnApiData.ts
FN:7,getBarnetSøknadenGjelderApiData
FN:25,(anonymous_1)
FN:44,getBarnApiData
FNF:3
FNH:3
FNDA:8,getBarnetSøknadenGjelderApiData
FNDA:8,(anonymous_1)
FNDA:8,getBarnApiData
DA:1,1
DA:2,1
DA:3,1
DA:7,1
DA:15,8
DA:24,8
DA:25,8
DA:26,8
DA:27,0
DA:28,0
DA:36,8
DA:38,0
DA:44,1
DA:56,8
DA:57,8
DA:65,8
DA:66,8
LF:17
LH:14
BRDA:16,0,0,8
BRDA:16,0,1,0
BRDA:16,1,0,8
BRDA:16,1,1,8
BRDA:17,2,0,8
BRDA:17,2,1,7
BRDA:19,3,0,0
BRDA:19,3,1,8
BRDA:21,4,0,0
BRDA:21,4,1,8
BRDA:24,5,0,8
BRDA:24,5,1,0
BRDA:26,6,0,0
BRDA:33,7,0,0
BRDA:33,7,1,0
BRDA:68,8,0,8
BRDA:68,8,1,0
BRDA:70,9,0,0
BRDA:70,9,1,8
BRDA:70,10,0,8
BRDA:70,10,1,8
BRF:21
BRH:12
end_of_record
TN:
SF:src/app/utils/formToApiMaps/getFerieuttakIPeriodenApiData.ts
FN:6,getFerieuttakIPeriodenApiData
FN:14,(anonymous_1)
FNF:2
FNH:2
FNDA:8,getFerieuttakIPeriodenApiData
FNDA:1,(anonymous_1)
DA:1,1
DA:2,1
DA:6,9
DA:14,1
LF:4
LH:4
BRDA:13,0,0,1
BRDA:13,0,1,7
BRDA:13,1,0,8
BRDA:13,1,1,1
BRF:4
BRH:4
end_of_record
TN:
SF:src/app/utils/formToApiMaps/getMedlemsskapApiData.ts
FN:11,mapBostedUtlandToApiData
FN:18,getMedlemsskapApiData
FN:33,(anonymous_2)
FN:37,(anonymous_3)
FNF:4
FNH:1
FNDA:0,mapBostedUtlandToApiData
FNDA:8,getMedlemsskapApiData
FNDA:0,(anonymous_2)
FNDA:0,(anonymous_3)
DA:2,1
DA:3,1
DA:4,1
DA:11,1
DA:18,1
DA:26,8
DA:27,8
DA:33,0
DA:37,0
LF:9
LH:7
BRDA:32,0,0,8
BRDA:32,0,1,0
BRDA:36,1,0,0
BRDA:36,1,1,8
BRF:4
BRH:2
end_of_record
TN:
SF:src/app/utils/formToApiMaps/getNattevåkOgBeredskapApiData.ts
FN:8,getNattevåkOgBeredskapApiData
FNF:1
FNH:1
FNDA:8,getNattevåkOgBeredskapApiData
DA:1,1
DA:4,1
DA:8,1
DA:9,8
DA:10,8
DA:11,0
DA:12,0
DA:23,8
LF:8
LH:6
BRDA:10,0,0,0
BRF:1
BRH:0
end_of_record
TN:
SF:src/app/utils/formToApiMaps/getOmsorgstilbudApiData.ts
FN:10,mapOmsorgstilbudToApiData
FN:40,getOmsorgstilbudApiData
FNF:2
FNH:2
FNDA:15,mapOmsorgstilbudToApiData
FNDA:8,getOmsorgstilbudApiData
DA:1,3
DA:5,3
DA:6,3
DA:10,3
DA:14,15
DA:15,12
DA:17,3
DA:18,3
DA:19,2
DA:24,1
DA:25,1
DA:31,0
DA:35,0
DA:37,0
DA:40,3
DA:44,8
LF:16
LH:13
BRDA:14,0,0,12
BRDA:14,1,0,15
BRDA:14,1,1,6
BRDA:18,2,0,2
BRDA:18,3,0,3
BRDA:18,3,1,2
BRDA:24,4,0,1
BRDA:24,5,0,1
BRDA:24,5,1,1
BRF:9
BRH:9
end_of_record
TN:
SF:src/app/utils/formToApiMaps/getSelvstendigNæringsdrivendeApiData.ts
FN:14,getSelvstendigNæringsdrivendeApiData
FNF:1
FNH:1
FNDA:8,getSelvstendigNæringsdrivendeApiData
DA:2,1
DA:4,1
DA:7,1
DA:14,1
DA:18,8
DA:19,8
DA:21,8
DA:22,8
DA:27,0
LF:9
LH:8
BRDA:21,0,0,8
BRDA:21,1,0,8
BRDA:21,1,1,0
BRDA:21,1,2,0
BRF:4
BRH:2
end_of_record
TN:
SF:src/app/utils/formToApiMaps/getUtenlandsoppholdIPeriodenApiData.ts
FN:13,mapBarnInnlagtPeriodeToApiFormat
FN:20,getUtenlandsoppholdIPeriodenApiData
FNF:2
FNH:1
FNDA:0,mapBarnInnlagtPeriodeToApiFormat
FNDA:1,getUtenlandsoppholdIPeriodenApiData
DA:1,1
DA:2,1
DA:3,1
DA:4,1
DA:13,1
DA:14,0
DA:20,1
DA:24,1
DA:25,1
DA:32,1
DA:33,0
DA:42,0
DA:44,1
LF:13
LH:10
BRDA:32,0,0,0
BRDA:32,0,1,1
BRDA:32,1,0,1
BRDA:32,1,1,0
BRDA:32,1,2,0
BRDA:40,2,0,0
BRDA:40,2,1,0
BRF:7
BRH:2
end_of_record
TN:
SF:src/app/utils/formToApiMaps/mapArbeidsforholdToApiData.ts
FN:24,mapArbeidIPeriodeToApiData
FN:126,mapArbeidstimerNormalt
FN:160,mapArbeidsforholdToApiData
FNF:3
FNH:0
FNDA:0,mapArbeidIPeriodeToApiData
FNDA:0,mapArbeidstimerNormalt
FNDA:0,mapArbeidsforholdToApiData
DA:1,1
DA:3,1
DA:4,1
DA:5,1
DA:18,1
DA:24,1
DA:32,0
DA:33,0
DA:34,0
DA:38,0
DA:43,0
DA:45,0
DA:47,0
DA:48,0
DA:49,0
DA:66,0
DA:67,0
DA:68,0
DA:74,0
DA:75,0
DA:78,0
DA:79,0
DA:83,0
DA:126,1
DA:130,0
DA:131,0
DA:132,0
DA:133,0
DA:134,0
DA:136,0
DA:137,0
DA:151,0
DA:152,0
DA:157,0
DA:160,1
DA:166,0
DA:167,0
DA:171,0
DA:172,0
DA:176,0
DA:184,0
LF:41
LH:8
BRDA:33,0,0,0
BRDA:39,1,0,0
BRDA:39,1,1,0
BRDA:43,2,0,0
BRDA:43,2,1,0
BRDA:45,3,0,0
BRDA:45,3,1,0
BRDA:48,4,0,0
BRDA:67,5,0,0
BRDA:74,6,0,0
BRDA:79,7,0,0
BRDA:79,7,1,0
BRDA:131,8,0,0
BRDA:133,9,0,0
BRDA:137,10,0,0
BRDA:137,10,1,0
BRDA:151,11,0,0
BRDA:151,12,0,0
BRDA:151,12,1,0
BRDA:167,13,0,0
BRDA:167,13,1,0
BRDA:171,14,0,0
BRDA:176,15,0,0
BRDA:176,15,1,0
BRDA:176,16,0,0
BRDA:176,16,1,0
BRF:26
BRH:0
end_of_record
TN:
SF:src/app/utils/formToApiMaps/mapFormDataToApiData.ts
FN:22,mapFormDataToApiData
FN:60,(anonymous_2)
FNF:2
FNH:2
FNDA:8,mapFormDataToApiData
FNDA:1,(anonymous_2)
DA:2,1
DA:3,1
DA:7,1
DA:8,1
DA:9,1
DA:10,1
DA:11,1
DA:12,1
DA:13,1
DA:14,1
DA:15,1
DA:16,1
DA:17,1
DA:18,1
DA:19,1
DA:22,1
DA:27,8
DA:37,8
DA:39,8
DA:41,8
DA:42,8
DA:43,8
DA:44,8
DA:60,1
DA:72,8
DA:73,0
DA:76,8
DA:78,0
DA:79,0
DA:80,0
DA:83,0
DA:84,0
LF:32
LH:26
BRDA:27,0,0,8
BRDA:27,0,1,0
BRDA:27,1,0,8
BRDA:27,1,1,8
BRDA:41,2,0,8
BRDA:41,2,1,0
BRDA:52,3,0,5
BRDA:52,3,1,3
BRDA:53,4,0,0
BRDA:53,4,1,8
BRDA:59,5,0,1
BRDA:59,5,1,7
BRDA:59,6,0,8
BRDA:59,6,1,1
BRDA:69,7,0,8
BRDA:69,7,1,0
BRDA:69,8,0,8
BRDA:69,8,1,8
BRDA:72,9,0,0
BRDA:73,10,0,0
BRDA:73,10,1,0
BRF:21
BRH:14
end_of_record
TN:
SF:src/app/utils/formToApiMaps/tidsbrukApiUtils.ts
FN:19,getFasteDagerApiData
FN:33,getFasteArbeidsdagerApiData
FN:47,sortTidEnkeltdagApiData
FN:52,getEnkeltdagerIPeriodeApiData
FN:58,(anonymous_5)
FN:73,getArbeidstidEnkeltdagerIPeriodeApiData
FN:79,(anonymous_7)
FN:104,fjernArbeidstimerUtenforPeriodeOgHelgedager
FN:112,(anonymous_9)
FNF:9
FNH:6
FNDA:4,getFasteDagerApiData
FNDA:0,getFasteArbeidsdagerApiData
FNDA:7,sortTidEnkeltdagApiData
FNDA:5,getEnkeltdagerIPeriodeApiData
FNDA:17,(anonymous_5)
FNDA:0,getArbeidstidEnkeltdagerIPeriodeApiData
FNDA:0,(anonymous_7)
FNDA:2,fjernArbeidstimerUtenforPeriodeOgHelgedager
FNDA:8,(anonymous_9)
DA:1,4
DA:2,4
DA:3,4
DA:11,4
DA:19,8
DA:33,4
DA:36,0
DA:37,0
DA:38,0
DA:47,11
DA:52,4
DA:56,5
DA:58,5
DA:59,17
DA:60,17
DA:61,9
DA:62,0
DA:64,9
DA:70,5
DA:73,4
DA:77,0
DA:79,0
DA:80,0
DA:81,0
DA:82,0
DA:83,0
DA:85,0
DA:86,0
DA:88,0
DA:89,0
DA:92,0
DA:101,0
DA:104,4
DA:108,2
DA:109,2
DA:110,0
DA:112,2
DA:113,8
DA:114,8
DA:115,4
DA:117,4
DA:118,1
DA:120,3
DA:121,0
DA:123,3
LF:45
LH:27
BRDA:26,0,0,1
BRDA:26,0,1,3
BRDA:27,1,0,1
BRDA:27,1,1,3
BRDA:28,2,0,1
BRDA:28,2,1,3
BRDA:29,3,0,1
BRDA:29,3,1,3
BRDA:30,4,0,3
BRDA:30,4,1,1
BRDA:39,5,0,0
BRDA:39,5,1,0
BRDA:40,6,0,0
BRDA:40,6,1,0
BRDA:41,7,0,0
BRDA:41,7,1,0
BRDA:42,8,0,0
BRDA:42,8,1,0
BRDA:43,9,0,0
BRDA:43,9,1,0
BRDA:50,10,0,3
BRDA:50,10,1,4
BRDA:60,11,0,9
BRDA:60,12,0,17
BRDA:60,12,1,17
BRDA:60,12,2,9
BRDA:61,13,0,0
BRDA:81,14,0,0
BRDA:81,15,0,0
BRDA:81,15,1,0
BRDA:82,16,0,0
BRDA:88,17,0,0
BRDA:88,18,0,0
BRDA:88,18,1,0
BRDA:109,19,0,0
BRDA:109,20,0,2
BRDA:109,20,1,2
BRDA:109,20,2,0
BRDA:114,21,0,4
BRDA:117,22,0,1
BRDA:117,23,0,4
BRDA:117,23,1,4
BRDA:120,24,0,0
BRDA:120,25,0,3
BRDA:120,25,1,3
BRF:45
BRH:24
end_of_record
TN:
SF:src/app/utils/søknadsdataToApiData/arbeidToApiDataHelpers.ts
FN:24,normalarbeidstidSøknadsdataToApiData
FN:41,durationToISODurationOrUndefined
FN:44,durationWeekdaysToTimerFasteDagerApiData
FN:56,getWeekdayFromDate
FN:74,getWeekdayDurationForDate
FN:79,arbeidEnkeltdagerToArbeidstidEnkeltdagApiData
FN:84,(anonymous_7)
FN:100,arbeidISøknadsperiodeSøknadsdataToApiData
FN:137,arbeidsforholdSøknadsdataToApiData
FNF:9
FNH:0
FNDA:0,normalarbeidstidSøknadsdataToApiData
FNDA:0,durationToISODurationOrUndefined
FNDA:0,durationWeekdaysToTimerFasteDagerApiData
FNDA:0,getWeekdayFromDate
FNDA:0,getWeekdayDurationForDate
FNDA:0,arbeidEnkeltdagerToArbeidstidEnkeltdagApiData
FNDA:0,(anonymous_7)
FNDA:0,arbeidISøknadsperiodeSøknadsdataToApiData
FNDA:0,arbeidsforholdSøknadsdataToApiData
DA:2,1
DA:11,1
DA:24,1
DA:27,0
DA:28,0
DA:29,0
DA:34,0
DA:41,1
DA:44,1
DA:47,0
DA:56,1
DA:57,0
DA:58,0
DA:60,0
DA:62,0
DA:64,0
DA:66,0
DA:68,0
DA:70,0
DA:74,1
DA:75,0
DA:76,0
DA:79,1
DA:83,0
DA:84,0
DA:85,0
DA:86,0
DA:87,0
DA:88,0
DA:97,0
DA:100,1
DA:104,0
DA:105,0
DA:107,0
DA:111,0
DA:120,0
DA:127,0
DA:134,0
DA:137,1
DA:140,0
DA:141,0
DA:142,0
DA:147,0
LF:43
LH:10
BRDA:28,0,0,0
BRDA:42,1,0,0
BRDA:42,1,1,0
BRDA:58,2,0,0
BRDA:58,2,1,0
BRDA:58,2,2,0
BRDA:58,2,3,0
BRDA:58,2,4,0
BRDA:58,2,5,0
BRDA:76,3,0,0
BRDA:76,3,1,0
BRDA:87,4,0,0
BRDA:87,5,0,0
BRDA:87,5,1,0
BRDA:104,6,0,0
BRDA:105,7,0,0
BRDA:105,7,1,0
BRDA:105,7,2,0
BRDA:105,7,3,0
BRDA:141,8,0,0
BRF:20
BRH:0
end_of_record
TN:
SF:src/app/utils/søknadsdataToApiData/getFrilansApiData.ts
FN:8,getFrilansApiData
FNF:1
FNH:1
FNDA:8,getFrilansApiData
DA:1,1
DA:4,1
DA:8,1
DA:11,8
DA:12,8
DA:16,0
DA:18,0
DA:27,0
DA:37,0
LF:9
LH:5
BRDA:11,0,0,8
BRDA:11,1,0,8
BRDA:11,1,1,0
BRDA:16,2,0,0
BRDA:16,2,1,0
BRDA:16,2,2,0
BRF:6
BRH:2
end_of_record
TN:
SF:src/app/validation/apiValuesValidation.ts
FN:17,apiVedleggIsInvalid
FN:18,(anonymous_2)
FN:26,isVirksomhetRegnskapsførerTelefonnummerValid
FN:34,isValidNormalarbeidstidPerUke
FN:38,isArbeidIPeriodeValid
FN:55,isNormalarbeidstidValid
FN:62,isArbeidIPeriodeApiValuesValid
FN:69,isArbeidsforholdApiDataValid
FN:72,isOmsorgstilbudApiDataValid
FN:85,validateApiValues
FN:123,(anonymous_11)
FNF:11
FNH:2
FNDA:4,apiVedleggIsInvalid
FNDA:3,(anonymous_2)
FNDA:0,isVirksomhetRegnskapsførerTelefonnummerValid
FNDA:0,isValidNormalarbeidstidPerUke
FNDA:0,isArbeidIPeriodeValid
FNDA:0,isNormalarbeidstidValid
FNDA:0,isArbeidIPeriodeApiValuesValid
FNDA:0,isArbeidsforholdApiDataValid
FNDA:0,isOmsorgstilbudApiDataValid
FNDA:0,validateApiValues
FNDA:0,(anonymous_11)
DA:2,1
DA:5,1
DA:6,1
DA:14,1
DA:15,1
DA:17,1
DA:18,4
DA:19,3
DA:21,4
DA:26,1
DA:27,0
DA:28,0
DA:29,0
DA:31,0
DA:34,1
DA:35,0
DA:38,1
DA:39,0
DA:40,0
DA:41,0
DA:43,0
DA:44,0
DA:46,0
DA:47,0
DA:49,0
DA:50,0
DA:52,0
DA:55,1
DA:56,0
DA:57,0
DA:59,0
DA:62,1
DA:63,0
DA:64,0
DA:66,0
DA:69,1
DA:72,1
DA:73,0
DA:74,0
DA:75,0
DA:76,0
DA:78,0
DA:79,0
DA:82,0
DA:85,1
DA:86,0
DA:88,0
DA:89,0
DA:95,0
DA:96,0
DA:103,0
DA:104,0
DA:111,0
DA:112,0
DA:113,0
DA:114,0
DA:122,0
DA:123,0
DA:124,0
DA:125,0
DA:129,0
DA:137,0
DA:138,0
DA:139,0
DA:147,0
DA:149,0
DA:150,0
DA:162,0
DA:163,0
DA:164,0
DA:165,0
DA:173,0
DA:174,0
DA:175,0
DA:176,0
DA:183,0
LF:76
LH:17
BRDA:28,0,0,0
BRDA:35,1,0,0
BRDA:35,1,1,0
BRDA:35,1,2,0
BRDA:40,2,0,0
BRDA:43,3,0,0
BRDA:43,4,0,0
BRDA:43,4,1,0
BRDA:46,5,0,0
BRDA:46,6,0,0
BRDA:46,6,1,0
BRDA:49,7,0,0
BRDA:49,8,0,0
BRDA:49,8,1,0
BRDA:56,9,0,0
BRDA:63,10,0,0
BRDA:70,11,0,0
BRDA:70,11,1,0
BRDA:73,12,0,0
BRDA:75,13,0,0
BRDA:75,14,0,0
BRDA:75,14,1,0
BRDA:78,15,0,0
BRDA:78,16,0,0
BRDA:78,16,1,0
BRDA:78,16,2,0
BRDA:88,17,0,0
BRDA:95,18,0,0
BRDA:103,19,0,0
BRDA:103,20,0,0
BRDA:103,20,1,0
BRDA:111,21,0,0
BRDA:111,21,1,0
BRDA:111,22,0,0
BRDA:111,22,1,0
BRDA:112,23,0,0
BRDA:113,24,0,0
BRDA:122,25,0,0
BRDA:122,26,0,0
BRDA:122,26,1,0
BRDA:124,27,0,0
BRDA:124,28,0,0
BRDA:124,28,1,0
BRDA:137,29,0,0
BRDA:138,30,0,0
BRDA:149,31,0,0
BRDA:162,32,0,0
BRDA:162,33,0,0
BRDA:162,33,1,0
BRDA:162,34,0,0
BRDA:162,34,1,0
BRDA:164,35,0,0
BRDA:173,36,0,0
BRDA:175,37,0,0
BRDA:183,38,0,0
BRDA:183,38,1,0
BRF:56
BRH:0
end_of_record
TN:
SF:src/app/validation/fieldValidations.ts
FN:33,(anonymous_1)
FN:55,isYesOrNoAnswered
FN:59,validateNavn
FN:69,validateFødselsnummer
FN:73,validateFradato
FN:99,validateTildato
FN:109,validateUtenlandsoppholdIPerioden
FN:116,(anonymous_8)
FN:129,validateFerieuttakIPerioden
FN:136,(anonymous_10)
FN:146,validateLegeerklæring
FN:147,(anonymous_12)
FN:158,validateOmsorgstilbudEnkeltdagerIPeriode
FNF:13
FNH:2
FNDA:9,(anonymous_1)
FNDA:33,isYesOrNoAnswered
FNDA:0,validateNavn
FNDA:0,validateFødselsnummer
FNDA:0,validateFradato
FNDA:0,validateTildato
FNDA:0,validateUtenlandsoppholdIPerioden
FNDA:0,(anonymous_8)
FNDA:0,validateFerieuttakIPerioden
FNDA:0,(anonymous_10)
FNDA:0,validateLegeerklæring
FNDA:0,(anonymous_12)
FNDA:0,validateOmsorgstilbudEnkeltdagerIPeriode
DA:2,9
DA:3,9
DA:8,9
DA:15,9
DA:16,9
DA:24,9
DA:25,9
DA:26,9
DA:27,9
DA:28,9
DA:30,9
DA:31,9
DA:33,9
DA:34,9
DA:35,9
DA:36,9
DA:38,9
DA:39,9
DA:40,9
DA:41,9
DA:43,9
DA:44,9
DA:46,9
DA:47,9
DA:48,9
DA:49,9
DA:50,9
DA:51,9
DA:52,9
DA:55,9
DA:56,33
DA:59,9
DA:60,0
DA:61,0
DA:69,9
DA:70,0
DA:73,9
DA:78,0
DA:79,0
DA:83,0
DA:89,0
DA:99,9
DA:100,0
DA:109,9
DA:113,0
DA:114,0
DA:116,0
DA:117,0
DA:118,0
DA:120,0
DA:121,0
DA:123,0
DA:124,0
DA:126,0
DA:129,9
DA:133,0
DA:134,0
DA:136,0
DA:137,0
DA:138,0
DA:140,0
DA:141,0
DA:143,0
DA:146,9
DA:147,0
DA:148,0
DA:149,0
DA:150,0
DA:152,0
DA:153,0
DA:155,0
DA:158,9
DA:159,0
DA:160,0
DA:161,0
DA:163,0
DA:164,0
DA:166,0
LF:78
LH:39
BRDA:33,0,0,9
BRDA:33,0,1,9
BRDA:56,1,0,33
BRDA:56,1,1,32
BRDA:56,1,2,12
BRDA:56,1,3,3
BRDA:61,2,0,0
BRDA:61,2,1,0
BRDA:79,3,0,0
BRDA:79,3,1,0
BRDA:89,4,0,0
BRDA:89,4,1,0
BRDA:92,5,0,0
BRDA:92,5,1,0
BRDA:92,6,0,0
BRDA:92,6,1,0
BRDA:103,7,0,0
BRDA:103,7,1,0
BRDA:113,8,0,0
BRDA:117,9,0,0
BRDA:120,10,0,0
BRDA:123,11,0,0
BRDA:133,12,0,0
BRDA:137,13,0,0
BRDA:140,14,0,0
BRDA:149,15,0,0
BRDA:152,16,0,0
BRDA:163,17,0,0
BRDA:163,18,0,0
BRDA:163,18,1,0
BRF:30
BRH:6
end_of_record
TN:
SF:src/app/validation/stepValidations.ts
FN:6,welcomingPageIsValid
FN:9,opplysningerOmBarnetStepIsValid
FN:17,fødselsnummerValidation
FN:31,opplysningerOmTidsromStepIsValid
FN:35,arbeidssituasjonStepIsValid
FN:37,medlemskapStepIsValid
FN:44,legeerklæringStepIsValid
FNF:7
FNH:7
FNDA:3,welcomingPageIsValid
FNDA:3,opplysningerOmBarnetStepIsValid
FNDA:2,fødselsnummerValidation
FNDA:3,opplysningerOmTidsromStepIsValid
FNDA:1,arbeidssituasjonStepIsValid
FNDA:8,medlemskapStepIsValid
FNDA:1,legeerklæringStepIsValid
DA:1,4
DA:2,4
DA:4,4
DA:6,7
DA:9,4
DA:16,3
DA:17,3
DA:18,2
DA:19,0
DA:20,2
DA:22,3
DA:24,3
DA:25,0
DA:28,3
DA:31,4
DA:32,3
DA:35,5
DA:37,12
DA:44,5
LF:19
LH:17
BRDA:18,0,0,0
BRDA:18,0,1,2
BRDA:18,1,0,2
BRDA:18,1,1,0
BRDA:18,1,2,0
BRDA:22,2,0,3
BRDA:22,2,1,2
BRDA:24,3,0,0
BRDA:24,4,0,3
BRDA:24,4,1,2
BRDA:32,5,0,3
BRDA:32,5,1,2
BRDA:41,6,0,8
BRDA:41,6,1,5
BRDA:41,6,2,6
BRDA:41,6,3,4
BRF:16
BRH:12
end_of_record
